{"C:\\Users\\alega\\Documents\\GitHub\\ezwh\\code\\server\\server.js":{"path":"C:\\Users\\alega\\Documents\\GitHub\\ezwh\\code\\server\\server.js","statementMap":{"0":{"start":{"line":3,"column":16},"end":{"line":3,"column":34}},"1":{"start":{"line":4,"column":15},"end":{"line":4,"column":21}},"2":{"start":{"line":7,"column":12},"end":{"line":7,"column":25}},"3":{"start":{"line":8,"column":13},"end":{"line":8,"column":17}},"4":{"start":{"line":9,"column":0},"end":{"line":9,"column":23}},"5":{"start":{"line":12,"column":0},"end":{"line":12,"column":39}},"6":{"start":{"line":16,"column":19},"end":{"line":16,"column":55}},"7":{"start":{"line":17,"column":22},"end":{"line":17,"column":67}},"8":{"start":{"line":18,"column":20},"end":{"line":18,"column":63}},"9":{"start":{"line":19,"column":19},"end":{"line":19,"column":55}},"10":{"start":{"line":20,"column":0},"end":{"line":20,"column":27}},"11":{"start":{"line":21,"column":0},"end":{"line":21,"column":30}},"12":{"start":{"line":22,"column":0},"end":{"line":22,"column":28}},"13":{"start":{"line":23,"column":0},"end":{"line":23,"column":27}},"14":{"start":{"line":26,"column":18},"end":{"line":26,"column":46}},"15":{"start":{"line":27,"column":22},"end":{"line":27,"column":54}},"16":{"start":{"line":28,"column":23},"end":{"line":28,"column":56}},"17":{"start":{"line":29,"column":0},"end":{"line":29,"column":26}},"18":{"start":{"line":30,"column":0},"end":{"line":30,"column":30}},"19":{"start":{"line":31,"column":0},"end":{"line":31,"column":31}},"20":{"start":{"line":34,"column":23},"end":{"line":34,"column":68}},"21":{"start":{"line":35,"column":19},"end":{"line":35,"column":60}},"22":{"start":{"line":36,"column":0},"end":{"line":36,"column":31}},"23":{"start":{"line":37,"column":0},"end":{"line":37,"column":27}},"24":{"start":{"line":40,"column":27},"end":{"line":40,"column":71}},"25":{"start":{"line":41,"column":0},"end":{"line":41,"column":35}},"26":{"start":{"line":45,"column":0},"end":{"line":47,"column":2}},"27":{"start":{"line":46,"column":3},"end":{"line":46,"column":62}},"28":{"start":{"line":49,"column":0},"end":{"line":49,"column":20}}},"fnMap":{"0":{"name":"(anonymous_0)","decl":{"start":{"line":45,"column":17},"end":{"line":45,"column":18}},"loc":{"start":{"line":45,"column":23},"end":{"line":47,"column":1}},"line":45}},"branchMap":{},"s":{"0":1,"1":1,"2":1,"3":1,"4":1,"5":1,"6":1,"7":1,"8":1,"9":1,"10":1,"11":1,"12":1,"13":1,"14":1,"15":1,"16":1,"17":1,"18":1,"19":1,"20":1,"21":1,"22":1,"23":1,"24":1,"25":1,"26":1,"27":1,"28":1},"f":{"0":1},"b":{},"_coverageSchema":"1a1c01bbd47fc00a2c39e90264f33305004495a9","hash":"3f7268b302be6c7ab3d5eaccdee1f308ef91c349","contentHash":"60d4434cd891d9375c29b915366d1ed7be5656f5eb877d045d7b3d81d9f83e55"},"C:\\Users\\alega\\Documents\\GitHub\\ezwh\\code\\server\\api\\routers\\item_router.js":{"path":"C:\\Users\\alega\\Documents\\GitHub\\ezwh\\code\\server\\api\\routers\\item_router.js","statementMap":{"0":{"start":{"line":2,"column":16},"end":{"line":2,"column":34}},"1":{"start":{"line":3,"column":20},"end":{"line":3,"column":55}},"2":{"start":{"line":4,"column":16},"end":{"line":4,"column":46}},"3":{"start":{"line":6,"column":16},"end":{"line":6,"column":40}},"4":{"start":{"line":7,"column":15},"end":{"line":7,"column":31}},"5":{"start":{"line":9,"column":0},"end":{"line":15,"column":2}},"6":{"start":{"line":10,"column":16},"end":{"line":10,"column":40}},"7":{"start":{"line":11,"column":3},"end":{"line":13,"column":4}},"8":{"start":{"line":12,"column":6},"end":{"line":12,"column":52}},"9":{"start":{"line":14,"column":3},"end":{"line":14,"column":39}},"10":{"start":{"line":17,"column":0},"end":{"line":23,"column":2}},"11":{"start":{"line":18,"column":16},"end":{"line":18,"column":75}},"12":{"start":{"line":19,"column":3},"end":{"line":21,"column":4}},"13":{"start":{"line":20,"column":6},"end":{"line":20,"column":52}},"14":{"start":{"line":22,"column":3},"end":{"line":22,"column":39}},"15":{"start":{"line":25,"column":0},"end":{"line":31,"column":2}},"16":{"start":{"line":26,"column":16},"end":{"line":26,"column":50}},"17":{"start":{"line":27,"column":3},"end":{"line":29,"column":4}},"18":{"start":{"line":28,"column":6},"end":{"line":28,"column":42}},"19":{"start":{"line":30,"column":3},"end":{"line":30,"column":39}},"20":{"start":{"line":33,"column":0},"end":{"line":39,"column":2}},"21":{"start":{"line":34,"column":16},"end":{"line":34,"column":88}},"22":{"start":{"line":35,"column":3},"end":{"line":37,"column":4}},"23":{"start":{"line":36,"column":6},"end":{"line":36,"column":42}},"24":{"start":{"line":38,"column":3},"end":{"line":38,"column":39}},"25":{"start":{"line":41,"column":0},"end":{"line":47,"column":2}},"26":{"start":{"line":42,"column":16},"end":{"line":42,"column":78}},"27":{"start":{"line":43,"column":3},"end":{"line":45,"column":4}},"28":{"start":{"line":44,"column":6},"end":{"line":44,"column":42}},"29":{"start":{"line":46,"column":3},"end":{"line":46,"column":39}},"30":{"start":{"line":49,"column":0},"end":{"line":49,"column":23}}},"fnMap":{"0":{"name":"(anonymous_0)","decl":{"start":{"line":9,"column":21},"end":{"line":9,"column":22}},"loc":{"start":{"line":9,"column":41},"end":{"line":15,"column":1}},"line":9},"1":{"name":"(anonymous_1)","decl":{"start":{"line":17,"column":37},"end":{"line":17,"column":38}},"loc":{"start":{"line":17,"column":57},"end":{"line":23,"column":1}},"line":17},"2":{"name":"(anonymous_2)","decl":{"start":{"line":25,"column":21},"end":{"line":25,"column":22}},"loc":{"start":{"line":25,"column":41},"end":{"line":31,"column":1}},"line":25},"3":{"name":"(anonymous_3)","decl":{"start":{"line":33,"column":36},"end":{"line":33,"column":37}},"loc":{"start":{"line":33,"column":56},"end":{"line":39,"column":1}},"line":33},"4":{"name":"(anonymous_4)","decl":{"start":{"line":41,"column":40},"end":{"line":41,"column":41}},"loc":{"start":{"line":41,"column":60},"end":{"line":47,"column":1}},"line":41}},"branchMap":{"0":{"loc":{"start":{"line":11,"column":3},"end":{"line":13,"column":4}},"type":"if","locations":[{"start":{"line":11,"column":3},"end":{"line":13,"column":4}},{"start":{"line":11,"column":3},"end":{"line":13,"column":4}}],"line":11},"1":{"loc":{"start":{"line":19,"column":3},"end":{"line":21,"column":4}},"type":"if","locations":[{"start":{"line":19,"column":3},"end":{"line":21,"column":4}},{"start":{"line":19,"column":3},"end":{"line":21,"column":4}}],"line":19},"2":{"loc":{"start":{"line":27,"column":3},"end":{"line":29,"column":4}},"type":"if","locations":[{"start":{"line":27,"column":3},"end":{"line":29,"column":4}},{"start":{"line":27,"column":3},"end":{"line":29,"column":4}}],"line":27},"3":{"loc":{"start":{"line":35,"column":3},"end":{"line":37,"column":4}},"type":"if","locations":[{"start":{"line":35,"column":3},"end":{"line":37,"column":4}},{"start":{"line":35,"column":3},"end":{"line":37,"column":4}}],"line":35},"4":{"loc":{"start":{"line":43,"column":3},"end":{"line":45,"column":4}},"type":"if","locations":[{"start":{"line":43,"column":3},"end":{"line":45,"column":4}},{"start":{"line":43,"column":3},"end":{"line":45,"column":4}}],"line":43}},"s":{"0":1,"1":1,"2":1,"3":1,"4":1,"5":1,"6":1,"7":1,"8":1,"9":0,"10":1,"11":0,"12":0,"13":0,"14":0,"15":1,"16":2,"17":2,"18":1,"19":1,"20":1,"21":0,"22":0,"23":0,"24":0,"25":1,"26":0,"27":0,"28":0,"29":0,"30":1},"f":{"0":1,"1":0,"2":2,"3":0,"4":0},"b":{"0":[1,0],"1":[0,0],"2":[1,1],"3":[0,0],"4":[0,0]},"_coverageSchema":"1a1c01bbd47fc00a2c39e90264f33305004495a9","hash":"ad17a02d83262288b6c88b2b1524bdc3e50d423b","contentHash":"e458236ce8a98d3f3ee58e5a15764557c3adee1ec73c74ce644981f7fe2672d8"},"C:\\Users\\alega\\Documents\\GitHub\\ezwh\\code\\server\\api\\services\\item_service.js":{"path":"C:\\Users\\alega\\Documents\\GitHub\\ezwh\\code\\server\\api\\services\\item_service.js","statementMap":{"0":{"start":{"line":5,"column":6},"end":{"line":5,"column":20}},"1":{"start":{"line":8,"column":14},"end":{"line":31,"column":4}},"2":{"start":{"line":12,"column":6},"end":{"line":30,"column":7}},"3":{"start":{"line":13,"column":23},"end":{"line":13,"column":48}},"4":{"start":{"line":14,"column":9},"end":{"line":24,"column":10}},"5":{"start":{"line":17,"column":39},"end":{"line":23,"column":13}},"6":{"start":{"line":26,"column":9},"end":{"line":29,"column":10}},"7":{"start":{"line":33,"column":13},"end":{"line":70,"column":4}},"8":{"start":{"line":39,"column":6},"end":{"line":44,"column":7}},"9":{"start":{"line":40,"column":9},"end":{"line":43,"column":10}},"10":{"start":{"line":45,"column":6},"end":{"line":69,"column":7}},"11":{"start":{"line":46,"column":22},"end":{"line":46,"column":60}},"12":{"start":{"line":47,"column":9},"end":{"line":52,"column":10}},"13":{"start":{"line":48,"column":12},"end":{"line":51,"column":13}},"14":{"start":{"line":53,"column":9},"end":{"line":63,"column":10}},"15":{"start":{"line":65,"column":9},"end":{"line":68,"column":10}},"16":{"start":{"line":72,"column":16},"end":{"line":118,"column":4}},"17":{"start":{"line":78,"column":6},"end":{"line":83,"column":7}},"18":{"start":{"line":79,"column":9},"end":{"line":82,"column":10}},"19":{"start":{"line":84,"column":19},"end":{"line":90,"column":7}},"20":{"start":{"line":91,"column":6},"end":{"line":117,"column":7}},"21":{"start":{"line":92,"column":21},"end":{"line":92,"column":52}},"22":{"start":{"line":93,"column":9},"end":{"line":103,"column":10}},"23":{"start":{"line":94,"column":12},"end":{"line":97,"column":13}},"24":{"start":{"line":99,"column":12},"end":{"line":102,"column":13}},"25":{"start":{"line":107,"column":9},"end":{"line":112,"column":10}},"26":{"start":{"line":108,"column":12},"end":{"line":111,"column":13}},"27":{"start":{"line":113,"column":9},"end":{"line":116,"column":10}},"28":{"start":{"line":120,"column":16},"end":{"line":162,"column":4}},"29":{"start":{"line":126,"column":6},"end":{"line":131,"column":7}},"30":{"start":{"line":127,"column":9},"end":{"line":130,"column":10}},"31":{"start":{"line":132,"column":6},"end":{"line":161,"column":7}},"32":{"start":{"line":133,"column":21},"end":{"line":133,"column":59}},"33":{"start":{"line":134,"column":9},"end":{"line":155,"column":10}},"34":{"start":{"line":135,"column":25},"end":{"line":144,"column":13}},"35":{"start":{"line":145,"column":12},"end":{"line":145,"column":63}},"36":{"start":{"line":146,"column":12},"end":{"line":149,"column":13}},"37":{"start":{"line":151,"column":12},"end":{"line":154,"column":13}},"38":{"start":{"line":157,"column":9},"end":{"line":160,"column":10}},"39":{"start":{"line":164,"column":16},"end":{"line":182,"column":4}},"40":{"start":{"line":170,"column":6},"end":{"line":181,"column":7}},"41":{"start":{"line":171,"column":9},"end":{"line":171,"column":50}},"42":{"start":{"line":172,"column":9},"end":{"line":175,"column":10}},"43":{"start":{"line":177,"column":9},"end":{"line":180,"column":10}},"44":{"start":{"line":185,"column":0},"end":{"line":185,"column":28}}},"fnMap":{"0":{"name":"(anonymous_0)","decl":{"start":{"line":4,"column":3},"end":{"line":4,"column":4}},"loc":{"start":{"line":4,"column":20},"end":{"line":6,"column":4}},"line":4},"1":{"name":"(anonymous_1)","decl":{"start":{"line":8,"column":14},"end":{"line":8,"column":15}},"loc":{"start":{"line":8,"column":26},"end":{"line":31,"column":4}},"line":8},"2":{"name":"(anonymous_2)","decl":{"start":{"line":17,"column":28},"end":{"line":17,"column":29}},"loc":{"start":{"line":17,"column":39},"end":{"line":23,"column":13}},"line":17},"3":{"name":"(anonymous_3)","decl":{"start":{"line":33,"column":13},"end":{"line":33,"column":14}},"loc":{"start":{"line":33,"column":39},"end":{"line":70,"column":4}},"line":33},"4":{"name":"(anonymous_4)","decl":{"start":{"line":72,"column":16},"end":{"line":72,"column":17}},"loc":{"start":{"line":72,"column":32},"end":{"line":118,"column":4}},"line":72},"5":{"name":"(anonymous_5)","decl":{"start":{"line":120,"column":16},"end":{"line":120,"column":17}},"loc":{"start":{"line":120,"column":48},"end":{"line":162,"column":4}},"line":120},"6":{"name":"(anonymous_6)","decl":{"start":{"line":164,"column":16},"end":{"line":164,"column":17}},"loc":{"start":{"line":164,"column":42},"end":{"line":182,"column":4}},"line":164}},"branchMap":{"0":{"loc":{"start":{"line":39,"column":6},"end":{"line":44,"column":7}},"type":"if","locations":[{"start":{"line":39,"column":6},"end":{"line":44,"column":7}},{"start":{"line":39,"column":6},"end":{"line":44,"column":7}}],"line":39},"1":{"loc":{"start":{"line":47,"column":9},"end":{"line":52,"column":10}},"type":"if","locations":[{"start":{"line":47,"column":9},"end":{"line":52,"column":10}},{"start":{"line":47,"column":9},"end":{"line":52,"column":10}}],"line":47},"2":{"loc":{"start":{"line":78,"column":6},"end":{"line":83,"column":7}},"type":"if","locations":[{"start":{"line":78,"column":6},"end":{"line":83,"column":7}},{"start":{"line":78,"column":6},"end":{"line":83,"column":7}}],"line":78},"3":{"loc":{"start":{"line":93,"column":9},"end":{"line":103,"column":10}},"type":"if","locations":[{"start":{"line":93,"column":9},"end":{"line":103,"column":10}},{"start":{"line":93,"column":9},"end":{"line":103,"column":10}}],"line":93},"4":{"loc":{"start":{"line":107,"column":9},"end":{"line":112,"column":10}},"type":"if","locations":[{"start":{"line":107,"column":9},"end":{"line":112,"column":10}},{"start":{"line":107,"column":9},"end":{"line":112,"column":10}}],"line":107},"5":{"loc":{"start":{"line":126,"column":6},"end":{"line":131,"column":7}},"type":"if","locations":[{"start":{"line":126,"column":6},"end":{"line":131,"column":7}},{"start":{"line":126,"column":6},"end":{"line":131,"column":7}}],"line":126},"6":{"loc":{"start":{"line":126,"column":10},"end":{"line":126,"column":53}},"type":"binary-expr","locations":[{"start":{"line":126,"column":10},"end":{"line":126,"column":19}},{"start":{"line":126,"column":23},"end":{"line":126,"column":53}}],"line":126},"7":{"loc":{"start":{"line":134,"column":9},"end":{"line":155,"column":10}},"type":"if","locations":[{"start":{"line":134,"column":9},"end":{"line":155,"column":10}},{"start":{"line":134,"column":9},"end":{"line":155,"column":10}}],"line":134},"8":{"loc":{"start":{"line":137,"column":18},"end":{"line":139,"column":38}},"type":"cond-expr","locations":[{"start":{"line":138,"column":23},"end":{"line":138,"column":50}},{"start":{"line":139,"column":23},"end":{"line":139,"column":38}}],"line":137},"9":{"loc":{"start":{"line":141,"column":18},"end":{"line":143,"column":32}},"type":"cond-expr","locations":[{"start":{"line":142,"column":23},"end":{"line":142,"column":48}},{"start":{"line":143,"column":23},"end":{"line":143,"column":32}}],"line":141}},"s":{"0":1,"1":1,"2":1,"3":1,"4":1,"5":1,"6":0,"7":1,"8":0,"9":0,"10":0,"11":0,"12":0,"13":0,"14":0,"15":0,"16":1,"17":2,"18":0,"19":2,"20":2,"21":2,"22":1,"23":1,"24":0,"25":1,"26":1,"27":0,"28":1,"29":0,"30":0,"31":0,"32":0,"33":0,"34":0,"35":0,"36":0,"37":0,"38":0,"39":1,"40":0,"41":0,"42":0,"43":0,"44":1},"f":{"0":1,"1":1,"2":1,"3":0,"4":2,"5":0,"6":0},"b":{"0":[0,0],"1":[0,0],"2":[0,2],"3":[1,0],"4":[1,0],"5":[0,0],"6":[0,0],"7":[0,0],"8":[0,0],"9":[0,0]},"_coverageSchema":"1a1c01bbd47fc00a2c39e90264f33305004495a9","hash":"45a7f54464b7d52276e091932d0c080cf07e3c18","contentHash":"b043ebb7544eddddc54a0479ca6ddd4bbd8858896f15f24f4ef5d8218f00da73"},"C:\\Users\\alega\\Documents\\GitHub\\ezwh\\code\\server\\api\\modules\\item_dao.js":{"path":"C:\\Users\\alega\\Documents\\GitHub\\ezwh\\code\\server\\api\\modules\\item_dao.js","statementMap":{"0":{"start":{"line":2,"column":15},"end":{"line":2,"column":33}},"1":{"start":{"line":3,"column":15},"end":{"line":3,"column":51}},"2":{"start":{"line":5,"column":11},"end":{"line":8,"column":2}},"3":{"start":{"line":6,"column":3},"end":{"line":6,"column":21}},"4":{"start":{"line":6,"column":12},"end":{"line":6,"column":21}},"5":{"start":{"line":7,"column":3},"end":{"line":7,"column":37}},"6":{"start":{"line":10,"column":0},"end":{"line":18,"column":1}},"7":{"start":{"line":11,"column":3},"end":{"line":17,"column":5}},"8":{"start":{"line":12,"column":18},"end":{"line":12,"column":38}},"9":{"start":{"line":13,"column":6},"end":{"line":16,"column":8}},"10":{"start":{"line":14,"column":9},"end":{"line":14,"column":36}},"11":{"start":{"line":14,"column":18},"end":{"line":14,"column":36}},"12":{"start":{"line":15,"column":9},"end":{"line":15,"column":29}},"13":{"start":{"line":20,"column":0},"end":{"line":28,"column":1}},"14":{"start":{"line":21,"column":3},"end":{"line":27,"column":5}},"15":{"start":{"line":22,"column":18},"end":{"line":22,"column":71}},"16":{"start":{"line":23,"column":6},"end":{"line":26,"column":8}},"17":{"start":{"line":24,"column":9},"end":{"line":24,"column":36}},"18":{"start":{"line":24,"column":18},"end":{"line":24,"column":36}},"19":{"start":{"line":25,"column":9},"end":{"line":25,"column":28}},"20":{"start":{"line":30,"column":0},"end":{"line":45,"column":1}},"21":{"start":{"line":31,"column":3},"end":{"line":44,"column":5}},"22":{"start":{"line":32,"column":18},"end":{"line":32,"column":59}},"23":{"start":{"line":33,"column":6},"end":{"line":43,"column":7}},"24":{"start":{"line":37,"column":12},"end":{"line":37,"column":39}},"25":{"start":{"line":37,"column":21},"end":{"line":37,"column":39}},"26":{"start":{"line":38,"column":12},"end":{"line":41,"column":14}},"27":{"start":{"line":47,"column":0},"end":{"line":58,"column":1}},"28":{"start":{"line":48,"column":3},"end":{"line":57,"column":5}},"29":{"start":{"line":49,"column":18},"end":{"line":49,"column":95}},"30":{"start":{"line":50,"column":6},"end":{"line":56,"column":8}},"31":{"start":{"line":51,"column":9},"end":{"line":51,"column":36}},"32":{"start":{"line":51,"column":18},"end":{"line":51,"column":36}},"33":{"start":{"line":52,"column":9},"end":{"line":55,"column":11}},"34":{"start":{"line":60,"column":0},"end":{"line":71,"column":1}},"35":{"start":{"line":61,"column":3},"end":{"line":70,"column":5}},"36":{"start":{"line":62,"column":18},"end":{"line":62,"column":69}},"37":{"start":{"line":63,"column":6},"end":{"line":69,"column":8}},"38":{"start":{"line":64,"column":9},"end":{"line":64,"column":36}},"39":{"start":{"line":64,"column":18},"end":{"line":64,"column":36}},"40":{"start":{"line":65,"column":9},"end":{"line":68,"column":11}}},"fnMap":{"0":{"name":"(anonymous_0)","decl":{"start":{"line":5,"column":39},"end":{"line":5,"column":40}},"loc":{"start":{"line":5,"column":48},"end":{"line":8,"column":1}},"line":5},"1":{"name":"(anonymous_1)","decl":{"start":{"line":10,"column":19},"end":{"line":10,"column":20}},"loc":{"start":{"line":10,"column":25},"end":{"line":18,"column":1}},"line":10},"2":{"name":"(anonymous_2)","decl":{"start":{"line":11,"column":22},"end":{"line":11,"column":23}},"loc":{"start":{"line":11,"column":43},"end":{"line":17,"column":4}},"line":11},"3":{"name":"(anonymous_3)","decl":{"start":{"line":13,"column":18},"end":{"line":13,"column":19}},"loc":{"start":{"line":13,"column":33},"end":{"line":16,"column":7}},"line":13},"4":{"name":"(anonymous_4)","decl":{"start":{"line":20,"column":18},"end":{"line":20,"column":19}},"loc":{"start":{"line":20,"column":38},"end":{"line":28,"column":1}},"line":20},"5":{"name":"(anonymous_5)","decl":{"start":{"line":21,"column":22},"end":{"line":21,"column":23}},"loc":{"start":{"line":21,"column":43},"end":{"line":27,"column":4}},"line":21},"6":{"name":"(anonymous_6)","decl":{"start":{"line":23,"column":36},"end":{"line":23,"column":37}},"loc":{"start":{"line":23,"column":50},"end":{"line":26,"column":7}},"line":23},"7":{"name":"(anonymous_7)","decl":{"start":{"line":30,"column":21},"end":{"line":30,"column":22}},"loc":{"start":{"line":30,"column":31},"end":{"line":45,"column":1}},"line":30},"8":{"name":"(anonymous_8)","decl":{"start":{"line":31,"column":22},"end":{"line":31,"column":23}},"loc":{"start":{"line":31,"column":43},"end":{"line":44,"column":4}},"line":31},"9":{"name":"(anonymous_9)","decl":{"start":{"line":36,"column":9},"end":{"line":36,"column":10}},"loc":{"start":{"line":36,"column":24},"end":{"line":42,"column":10}},"line":36},"10":{"name":"(anonymous_10)","decl":{"start":{"line":47,"column":21},"end":{"line":47,"column":22}},"loc":{"start":{"line":47,"column":47},"end":{"line":58,"column":1}},"line":47},"11":{"name":"(anonymous_11)","decl":{"start":{"line":48,"column":22},"end":{"line":48,"column":23}},"loc":{"start":{"line":48,"column":43},"end":{"line":57,"column":4}},"line":48},"12":{"name":"(anonymous_12)","decl":{"start":{"line":50,"column":66},"end":{"line":50,"column":67}},"loc":{"start":{"line":50,"column":81},"end":{"line":56,"column":7}},"line":50},"13":{"name":"(anonymous_13)","decl":{"start":{"line":60,"column":21},"end":{"line":60,"column":22}},"loc":{"start":{"line":60,"column":41},"end":{"line":71,"column":1}},"line":60},"14":{"name":"(anonymous_14)","decl":{"start":{"line":61,"column":22},"end":{"line":61,"column":23}},"loc":{"start":{"line":61,"column":43},"end":{"line":70,"column":4}},"line":61},"15":{"name":"(anonymous_15)","decl":{"start":{"line":63,"column":36},"end":{"line":63,"column":37}},"loc":{"start":{"line":63,"column":51},"end":{"line":69,"column":7}},"line":63}},"branchMap":{"0":{"loc":{"start":{"line":6,"column":3},"end":{"line":6,"column":21}},"type":"if","locations":[{"start":{"line":6,"column":3},"end":{"line":6,"column":21}},{"start":{"line":6,"column":3},"end":{"line":6,"column":21}}],"line":6},"1":{"loc":{"start":{"line":14,"column":9},"end":{"line":14,"column":36}},"type":"if","locations":[{"start":{"line":14,"column":9},"end":{"line":14,"column":36}},{"start":{"line":14,"column":9},"end":{"line":14,"column":36}}],"line":14},"2":{"loc":{"start":{"line":24,"column":9},"end":{"line":24,"column":36}},"type":"if","locations":[{"start":{"line":24,"column":9},"end":{"line":24,"column":36}},{"start":{"line":24,"column":9},"end":{"line":24,"column":36}}],"line":24},"3":{"loc":{"start":{"line":37,"column":12},"end":{"line":37,"column":39}},"type":"if","locations":[{"start":{"line":37,"column":12},"end":{"line":37,"column":39}},{"start":{"line":37,"column":12},"end":{"line":37,"column":39}}],"line":37},"4":{"loc":{"start":{"line":51,"column":9},"end":{"line":51,"column":36}},"type":"if","locations":[{"start":{"line":51,"column":9},"end":{"line":51,"column":36}},{"start":{"line":51,"column":9},"end":{"line":51,"column":36}}],"line":51},"5":{"loc":{"start":{"line":64,"column":9},"end":{"line":64,"column":36}},"type":"if","locations":[{"start":{"line":64,"column":9},"end":{"line":64,"column":36}},{"start":{"line":64,"column":9},"end":{"line":64,"column":36}}],"line":64}},"s":{"0":1,"1":1,"2":1,"3":1,"4":0,"5":1,"6":1,"7":1,"8":1,"9":1,"10":1,"11":0,"12":1,"13":1,"14":0,"15":0,"16":0,"17":0,"18":0,"19":0,"20":1,"21":2,"22":2,"23":2,"24":2,"25":1,"26":1,"27":1,"28":0,"29":0,"30":0,"31":0,"32":0,"33":0,"34":1,"35":0,"36":0,"37":0,"38":0,"39":0,"40":0},"f":{"0":1,"1":1,"2":1,"3":1,"4":0,"5":0,"6":0,"7":2,"8":2,"9":2,"10":0,"11":0,"12":0,"13":0,"14":0,"15":0},"b":{"0":[0,1],"1":[0,1],"2":[0,0],"3":[1,1],"4":[0,0],"5":[0,0]},"_coverageSchema":"1a1c01bbd47fc00a2c39e90264f33305004495a9","hash":"8ade2517ed43c9955e9e641f26039185624127b1","contentHash":"f6bf14d0bf1cf2212f2a0efc85f731e193980fbc41f266cdfedbc287c694809b"},"C:\\Users\\alega\\Documents\\GitHub\\ezwh\\code\\server\\api\\routers\\internalOrder_router.js":{"path":"C:\\Users\\alega\\Documents\\GitHub\\ezwh\\code\\server\\api\\routers\\internalOrder_router.js","statementMap":{"0":{"start":{"line":2,"column":16},"end":{"line":2,"column":34}},"1":{"start":{"line":3,"column":29},"end":{"line":3,"column":73}},"2":{"start":{"line":4,"column":25},"end":{"line":4,"column":64}},"3":{"start":{"line":6,"column":16},"end":{"line":6,"column":58}},"4":{"start":{"line":7,"column":15},"end":{"line":7,"column":31}},"5":{"start":{"line":9,"column":0},"end":{"line":15,"column":2}},"6":{"start":{"line":10,"column":16},"end":{"line":10,"column":49}},"7":{"start":{"line":11,"column":3},"end":{"line":13,"column":4}},"8":{"start":{"line":12,"column":6},"end":{"line":12,"column":52}},"9":{"start":{"line":14,"column":3},"end":{"line":14,"column":39}},"10":{"start":{"line":17,"column":0},"end":{"line":23,"column":2}},"11":{"start":{"line":18,"column":16},"end":{"line":18,"column":61}},"12":{"start":{"line":19,"column":3},"end":{"line":21,"column":4}},"13":{"start":{"line":20,"column":6},"end":{"line":20,"column":52}},"14":{"start":{"line":22,"column":3},"end":{"line":22,"column":39}},"15":{"start":{"line":25,"column":0},"end":{"line":31,"column":2}},"16":{"start":{"line":26,"column":16},"end":{"line":26,"column":57}},"17":{"start":{"line":27,"column":3},"end":{"line":29,"column":4}},"18":{"start":{"line":28,"column":6},"end":{"line":28,"column":52}},"19":{"start":{"line":30,"column":3},"end":{"line":30,"column":39}},"20":{"start":{"line":33,"column":0},"end":{"line":39,"column":2}},"21":{"start":{"line":34,"column":16},"end":{"line":34,"column":59}},"22":{"start":{"line":35,"column":3},"end":{"line":37,"column":4}},"23":{"start":{"line":36,"column":6},"end":{"line":36,"column":52}},"24":{"start":{"line":38,"column":3},"end":{"line":38,"column":39}},"25":{"start":{"line":41,"column":0},"end":{"line":47,"column":2}},"26":{"start":{"line":42,"column":16},"end":{"line":42,"column":59}},"27":{"start":{"line":43,"column":3},"end":{"line":45,"column":4}},"28":{"start":{"line":44,"column":6},"end":{"line":44,"column":42}},"29":{"start":{"line":46,"column":3},"end":{"line":46,"column":39}},"30":{"start":{"line":49,"column":0},"end":{"line":55,"column":2}},"31":{"start":{"line":50,"column":16},"end":{"line":50,"column":76}},"32":{"start":{"line":51,"column":3},"end":{"line":53,"column":4}},"33":{"start":{"line":52,"column":6},"end":{"line":52,"column":42}},"34":{"start":{"line":54,"column":3},"end":{"line":54,"column":39}},"35":{"start":{"line":57,"column":0},"end":{"line":63,"column":2}},"36":{"start":{"line":58,"column":16},"end":{"line":58,"column":64}},"37":{"start":{"line":59,"column":3},"end":{"line":61,"column":4}},"38":{"start":{"line":60,"column":6},"end":{"line":60,"column":42}},"39":{"start":{"line":62,"column":3},"end":{"line":62,"column":39}},"40":{"start":{"line":65,"column":0},"end":{"line":65,"column":23}}},"fnMap":{"0":{"name":"(anonymous_0)","decl":{"start":{"line":9,"column":30},"end":{"line":9,"column":31}},"loc":{"start":{"line":9,"column":50},"end":{"line":15,"column":1}},"line":9},"1":{"name":"(anonymous_1)","decl":{"start":{"line":17,"column":34},"end":{"line":17,"column":35}},"loc":{"start":{"line":17,"column":54},"end":{"line":23,"column":1}},"line":17},"2":{"name":"(anonymous_2)","decl":{"start":{"line":25,"column":36},"end":{"line":25,"column":37}},"loc":{"start":{"line":25,"column":56},"end":{"line":31,"column":1}},"line":25},"3":{"name":"(anonymous_3)","decl":{"start":{"line":33,"column":38},"end":{"line":33,"column":39}},"loc":{"start":{"line":33,"column":58},"end":{"line":39,"column":1}},"line":33},"4":{"name":"(anonymous_4)","decl":{"start":{"line":41,"column":31},"end":{"line":41,"column":32}},"loc":{"start":{"line":41,"column":51},"end":{"line":47,"column":1}},"line":41},"5":{"name":"(anonymous_5)","decl":{"start":{"line":49,"column":34},"end":{"line":49,"column":35}},"loc":{"start":{"line":49,"column":54},"end":{"line":55,"column":1}},"line":49},"6":{"name":"(anonymous_6)","decl":{"start":{"line":57,"column":37},"end":{"line":57,"column":38}},"loc":{"start":{"line":57,"column":57},"end":{"line":63,"column":1}},"line":57}},"branchMap":{"0":{"loc":{"start":{"line":11,"column":3},"end":{"line":13,"column":4}},"type":"if","locations":[{"start":{"line":11,"column":3},"end":{"line":13,"column":4}},{"start":{"line":11,"column":3},"end":{"line":13,"column":4}}],"line":11},"1":{"loc":{"start":{"line":19,"column":3},"end":{"line":21,"column":4}},"type":"if","locations":[{"start":{"line":19,"column":3},"end":{"line":21,"column":4}},{"start":{"line":19,"column":3},"end":{"line":21,"column":4}}],"line":19},"2":{"loc":{"start":{"line":27,"column":3},"end":{"line":29,"column":4}},"type":"if","locations":[{"start":{"line":27,"column":3},"end":{"line":29,"column":4}},{"start":{"line":27,"column":3},"end":{"line":29,"column":4}}],"line":27},"3":{"loc":{"start":{"line":35,"column":3},"end":{"line":37,"column":4}},"type":"if","locations":[{"start":{"line":35,"column":3},"end":{"line":37,"column":4}},{"start":{"line":35,"column":3},"end":{"line":37,"column":4}}],"line":35},"4":{"loc":{"start":{"line":43,"column":3},"end":{"line":45,"column":4}},"type":"if","locations":[{"start":{"line":43,"column":3},"end":{"line":45,"column":4}},{"start":{"line":43,"column":3},"end":{"line":45,"column":4}}],"line":43},"5":{"loc":{"start":{"line":51,"column":3},"end":{"line":53,"column":4}},"type":"if","locations":[{"start":{"line":51,"column":3},"end":{"line":53,"column":4}},{"start":{"line":51,"column":3},"end":{"line":53,"column":4}}],"line":51},"6":{"loc":{"start":{"line":59,"column":3},"end":{"line":61,"column":4}},"type":"if","locations":[{"start":{"line":59,"column":3},"end":{"line":61,"column":4}},{"start":{"line":59,"column":3},"end":{"line":61,"column":4}}],"line":59}},"s":{"0":1,"1":1,"2":1,"3":1,"4":1,"5":1,"6":1,"7":1,"8":1,"9":0,"10":1,"11":1,"12":1,"13":1,"14":0,"15":1,"16":1,"17":1,"18":1,"19":0,"20":1,"21":1,"22":1,"23":1,"24":0,"25":1,"26":2,"27":2,"28":2,"29":0,"30":1,"31":3,"32":3,"33":2,"34":1,"35":1,"36":2,"37":2,"38":2,"39":0,"40":1},"f":{"0":1,"1":1,"2":1,"3":1,"4":2,"5":3,"6":2},"b":{"0":[1,0],"1":[1,0],"2":[1,0],"3":[1,0],"4":[2,0],"5":[2,1],"6":[2,0]},"_coverageSchema":"1a1c01bbd47fc00a2c39e90264f33305004495a9","hash":"3c8192f68e761dc42050ae0c72946254d520b48e","contentHash":"ded212f68d524946fc6fcfd44e421b3b680c713a24cc9408c153ef19900b742e"},"C:\\Users\\alega\\Documents\\GitHub\\ezwh\\code\\server\\api\\services\\internalOrder_service.js":{"path":"C:\\Users\\alega\\Documents\\GitHub\\ezwh\\code\\server\\api\\services\\internalOrder_service.js","statementMap":{"0":{"start":{"line":5,"column":6},"end":{"line":5,"column":20}},"1":{"start":{"line":8,"column":23},"end":{"line":54,"column":4}},"2":{"start":{"line":13,"column":6},"end":{"line":53,"column":7}},"3":{"start":{"line":14,"column":24},"end":{"line":14,"column":63}},"4":{"start":{"line":15,"column":9},"end":{"line":47,"column":10}},"5":{"start":{"line":20,"column":35},"end":{"line":23,"column":19}},"6":{"start":{"line":24,"column":18},"end":{"line":44,"column":19}},"7":{"start":{"line":29,"column":24},"end":{"line":41,"column":30}},"8":{"start":{"line":49,"column":9},"end":{"line":52,"column":10}},"9":{"start":{"line":56,"column":22},"end":{"line":112,"column":4}},"10":{"start":{"line":62,"column":6},"end":{"line":67,"column":7}},"11":{"start":{"line":63,"column":9},"end":{"line":66,"column":10}},"12":{"start":{"line":68,"column":6},"end":{"line":111,"column":7}},"13":{"start":{"line":69,"column":23},"end":{"line":69,"column":58}},"14":{"start":{"line":70,"column":9},"end":{"line":75,"column":10}},"15":{"start":{"line":71,"column":12},"end":{"line":74,"column":13}},"16":{"start":{"line":76,"column":26},"end":{"line":79,"column":10}},"17":{"start":{"line":80,"column":9},"end":{"line":105,"column":10}},"18":{"start":{"line":88,"column":18},"end":{"line":101,"column":24}},"19":{"start":{"line":107,"column":9},"end":{"line":110,"column":10}},"20":{"start":{"line":114,"column":25},"end":{"line":149,"column":4}},"21":{"start":{"line":119,"column":6},"end":{"line":124,"column":7}},"22":{"start":{"line":120,"column":9},"end":{"line":123,"column":10}},"23":{"start":{"line":125,"column":20},"end":{"line":129,"column":7}},"24":{"start":{"line":130,"column":6},"end":{"line":148,"column":7}},"25":{"start":{"line":131,"column":22},"end":{"line":131,"column":63}},"26":{"start":{"line":132,"column":22},"end":{"line":138,"column":10}},"27":{"start":{"line":133,"column":44},"end":{"line":137,"column":13}},"28":{"start":{"line":139,"column":9},"end":{"line":142,"column":10}},"29":{"start":{"line":144,"column":9},"end":{"line":147,"column":10}},"30":{"start":{"line":151,"column":27},"end":{"line":188,"column":4}},"31":{"start":{"line":157,"column":6},"end":{"line":162,"column":7}},"32":{"start":{"line":158,"column":9},"end":{"line":161,"column":10}},"33":{"start":{"line":163,"column":6},"end":{"line":187,"column":7}},"34":{"start":{"line":164,"column":21},"end":{"line":164,"column":76}},"35":{"start":{"line":165,"column":9},"end":{"line":175,"column":10}},"36":{"start":{"line":166,"column":12},"end":{"line":169,"column":13}},"37":{"start":{"line":171,"column":12},"end":{"line":174,"column":13}},"38":{"start":{"line":177,"column":9},"end":{"line":182,"column":10}},"39":{"start":{"line":178,"column":12},"end":{"line":181,"column":13}},"40":{"start":{"line":183,"column":9},"end":{"line":186,"column":10}},"41":{"start":{"line":190,"column":25},"end":{"line":208,"column":4}},"42":{"start":{"line":196,"column":6},"end":{"line":207,"column":7}},"43":{"start":{"line":197,"column":9},"end":{"line":197,"column":47}},"44":{"start":{"line":198,"column":9},"end":{"line":201,"column":10}},"45":{"start":{"line":203,"column":9},"end":{"line":206,"column":10}},"46":{"start":{"line":211,"column":0},"end":{"line":211,"column":37}}},"fnMap":{"0":{"name":"(anonymous_0)","decl":{"start":{"line":4,"column":3},"end":{"line":4,"column":4}},"loc":{"start":{"line":4,"column":20},"end":{"line":6,"column":4}},"line":4},"1":{"name":"(anonymous_1)","decl":{"start":{"line":8,"column":23},"end":{"line":8,"column":24}},"loc":{"start":{"line":8,"column":52},"end":{"line":54,"column":4}},"line":8},"2":{"name":"(anonymous_2)","decl":{"start":{"line":19,"column":26},"end":{"line":19,"column":27}},"loc":{"start":{"line":19,"column":43},"end":{"line":45,"column":16}},"line":19},"3":{"name":"(anonymous_3)","decl":{"start":{"line":28,"column":44},"end":{"line":28,"column":45}},"loc":{"start":{"line":28,"column":51},"end":{"line":42,"column":22}},"line":28},"4":{"name":"(anonymous_4)","decl":{"start":{"line":56,"column":22},"end":{"line":56,"column":23}},"loc":{"start":{"line":56,"column":36},"end":{"line":112,"column":4}},"line":56},"5":{"name":"(anonymous_5)","decl":{"start":{"line":87,"column":38},"end":{"line":87,"column":39}},"loc":{"start":{"line":87,"column":45},"end":{"line":102,"column":16}},"line":87},"6":{"name":"(anonymous_6)","decl":{"start":{"line":114,"column":25},"end":{"line":114,"column":26}},"loc":{"start":{"line":114,"column":41},"end":{"line":149,"column":4}},"line":114},"7":{"name":"(anonymous_7)","decl":{"start":{"line":133,"column":30},"end":{"line":133,"column":31}},"loc":{"start":{"line":133,"column":44},"end":{"line":137,"column":13}},"line":133},"8":{"name":"(anonymous_8)","decl":{"start":{"line":151,"column":27},"end":{"line":151,"column":28}},"loc":{"start":{"line":151,"column":47},"end":{"line":188,"column":4}},"line":151},"9":{"name":"(anonymous_9)","decl":{"start":{"line":190,"column":25},"end":{"line":190,"column":26}},"loc":{"start":{"line":190,"column":39},"end":{"line":208,"column":4}},"line":190}},"branchMap":{"0":{"loc":{"start":{"line":8,"column":30},"end":{"line":8,"column":47}},"type":"default-arg","locations":[{"start":{"line":8,"column":38},"end":{"line":8,"column":47}}],"line":8},"1":{"loc":{"start":{"line":29,"column":31},"end":{"line":41,"column":30}},"type":"cond-expr","locations":[{"start":{"line":30,"column":29},"end":{"line":35,"column":30}},{"start":{"line":36,"column":29},"end":{"line":41,"column":30}}],"line":29},"2":{"loc":{"start":{"line":62,"column":6},"end":{"line":67,"column":7}},"type":"if","locations":[{"start":{"line":62,"column":6},"end":{"line":67,"column":7}},{"start":{"line":62,"column":6},"end":{"line":67,"column":7}}],"line":62},"3":{"loc":{"start":{"line":70,"column":9},"end":{"line":75,"column":10}},"type":"if","locations":[{"start":{"line":70,"column":9},"end":{"line":75,"column":10}},{"start":{"line":70,"column":9},"end":{"line":75,"column":10}}],"line":70},"4":{"loc":{"start":{"line":88,"column":25},"end":{"line":101,"column":24}},"type":"cond-expr","locations":[{"start":{"line":89,"column":23},"end":{"line":95,"column":24}},{"start":{"line":96,"column":23},"end":{"line":101,"column":24}}],"line":88},"5":{"loc":{"start":{"line":119,"column":6},"end":{"line":124,"column":7}},"type":"if","locations":[{"start":{"line":119,"column":6},"end":{"line":124,"column":7}},{"start":{"line":119,"column":6},"end":{"line":124,"column":7}}],"line":119},"6":{"loc":{"start":{"line":157,"column":6},"end":{"line":162,"column":7}},"type":"if","locations":[{"start":{"line":157,"column":6},"end":{"line":162,"column":7}},{"start":{"line":157,"column":6},"end":{"line":162,"column":7}}],"line":157},"7":{"loc":{"start":{"line":157,"column":10},"end":{"line":157,"column":53}},"type":"binary-expr","locations":[{"start":{"line":157,"column":10},"end":{"line":157,"column":19}},{"start":{"line":157,"column":23},"end":{"line":157,"column":53}}],"line":157},"8":{"loc":{"start":{"line":165,"column":9},"end":{"line":175,"column":10}},"type":"if","locations":[{"start":{"line":165,"column":9},"end":{"line":175,"column":10}},{"start":{"line":165,"column":9},"end":{"line":175,"column":10}}],"line":165},"9":{"loc":{"start":{"line":177,"column":9},"end":{"line":182,"column":10}},"type":"if","locations":[{"start":{"line":177,"column":9},"end":{"line":182,"column":10}},{"start":{"line":177,"column":9},"end":{"line":182,"column":10}}],"line":177}},"s":{"0":1,"1":1,"2":3,"3":3,"4":3,"5":4,"6":4,"7":4,"8":0,"9":1,"10":1,"11":0,"12":1,"13":1,"14":1,"15":0,"16":1,"17":1,"18":1,"19":0,"20":1,"21":2,"22":0,"23":2,"24":2,"25":2,"26":2,"27":2,"28":2,"29":0,"30":1,"31":3,"32":0,"33":3,"34":3,"35":2,"36":1,"37":1,"38":1,"39":1,"40":0,"41":1,"42":2,"43":2,"44":2,"45":0,"46":1},"f":{"0":1,"1":3,"2":4,"3":4,"4":1,"5":1,"6":2,"7":2,"8":3,"9":2},"b":{"0":[1],"1":[0,4],"2":[0,1],"3":[0,1],"4":[0,1],"5":[0,2],"6":[0,3],"7":[3,3],"8":[1,1],"9":[1,0]},"_coverageSchema":"1a1c01bbd47fc00a2c39e90264f33305004495a9","hash":"5574e4add9d9d3f3fdd22b9ec42da2bf741f5d73","contentHash":"ffbc445cf220fa7367c421d705eaab89cf4dd535a3bcb011cc464359d32d6dfb"},"C:\\Users\\alega\\Documents\\GitHub\\ezwh\\code\\server\\api\\modules\\internalOrder_dao.js":{"path":"C:\\Users\\alega\\Documents\\GitHub\\ezwh\\code\\server\\api\\modules\\internalOrder_dao.js","statementMap":{"0":{"start":{"line":2,"column":15},"end":{"line":2,"column":33}},"1":{"start":{"line":3,"column":15},"end":{"line":3,"column":51}},"2":{"start":{"line":5,"column":11},"end":{"line":8,"column":2}},"3":{"start":{"line":6,"column":3},"end":{"line":6,"column":21}},"4":{"start":{"line":6,"column":12},"end":{"line":6,"column":21}},"5":{"start":{"line":7,"column":3},"end":{"line":7,"column":37}},"6":{"start":{"line":10,"column":0},"end":{"line":20,"column":1}},"7":{"start":{"line":11,"column":3},"end":{"line":19,"column":5}},"8":{"start":{"line":12,"column":18},"end":{"line":14,"column":8}},"9":{"start":{"line":15,"column":6},"end":{"line":18,"column":8}},"10":{"start":{"line":16,"column":9},"end":{"line":16,"column":36}},"11":{"start":{"line":16,"column":18},"end":{"line":16,"column":36}},"12":{"start":{"line":17,"column":9},"end":{"line":17,"column":29}},"13":{"start":{"line":22,"column":0},"end":{"line":52,"column":1}},"14":{"start":{"line":23,"column":3},"end":{"line":51,"column":5}},"15":{"start":{"line":25,"column":9},"end":{"line":46,"column":10}},"16":{"start":{"line":47,"column":6},"end":{"line":50,"column":8}},"17":{"start":{"line":48,"column":9},"end":{"line":48,"column":36}},"18":{"start":{"line":48,"column":18},"end":{"line":48,"column":36}},"19":{"start":{"line":49,"column":9},"end":{"line":49,"column":29}},"20":{"start":{"line":54,"column":0},"end":{"line":62,"column":1}},"21":{"start":{"line":55,"column":3},"end":{"line":61,"column":5}},"22":{"start":{"line":56,"column":18},"end":{"line":56,"column":61}},"23":{"start":{"line":57,"column":6},"end":{"line":60,"column":8}},"24":{"start":{"line":58,"column":9},"end":{"line":58,"column":36}},"25":{"start":{"line":58,"column":18},"end":{"line":58,"column":36}},"26":{"start":{"line":59,"column":9},"end":{"line":59,"column":28}},"27":{"start":{"line":64,"column":0},"end":{"line":84,"column":1}},"28":{"start":{"line":65,"column":3},"end":{"line":83,"column":5}},"29":{"start":{"line":67,"column":9},"end":{"line":67,"column":85}},"30":{"start":{"line":68,"column":6},"end":{"line":82,"column":7}},"31":{"start":{"line":76,"column":12},"end":{"line":76,"column":39}},"32":{"start":{"line":76,"column":21},"end":{"line":76,"column":39}},"33":{"start":{"line":77,"column":12},"end":{"line":80,"column":14}},"34":{"start":{"line":86,"column":0},"end":{"line":100,"column":1}},"35":{"start":{"line":87,"column":3},"end":{"line":99,"column":5}},"36":{"start":{"line":88,"column":6},"end":{"line":98,"column":8}},"37":{"start":{"line":90,"column":12},"end":{"line":90,"column":78}},"38":{"start":{"line":91,"column":9},"end":{"line":97,"column":11}},"39":{"start":{"line":92,"column":12},"end":{"line":92,"column":39}},"40":{"start":{"line":92,"column":21},"end":{"line":92,"column":39}},"41":{"start":{"line":93,"column":12},"end":{"line":96,"column":14}},"42":{"start":{"line":102,"column":0},"end":{"line":113,"column":1}},"43":{"start":{"line":103,"column":3},"end":{"line":112,"column":5}},"44":{"start":{"line":104,"column":18},"end":{"line":104,"column":68}},"45":{"start":{"line":105,"column":6},"end":{"line":111,"column":8}},"46":{"start":{"line":106,"column":9},"end":{"line":106,"column":36}},"47":{"start":{"line":106,"column":18},"end":{"line":106,"column":36}},"48":{"start":{"line":107,"column":9},"end":{"line":110,"column":11}},"49":{"start":{"line":115,"column":0},"end":{"line":126,"column":1}},"50":{"start":{"line":116,"column":3},"end":{"line":125,"column":5}},"51":{"start":{"line":117,"column":18},"end":{"line":117,"column":59}},"52":{"start":{"line":118,"column":6},"end":{"line":124,"column":8}},"53":{"start":{"line":119,"column":9},"end":{"line":119,"column":36}},"54":{"start":{"line":119,"column":18},"end":{"line":119,"column":36}},"55":{"start":{"line":120,"column":9},"end":{"line":123,"column":11}}},"fnMap":{"0":{"name":"(anonymous_0)","decl":{"start":{"line":5,"column":39},"end":{"line":5,"column":40}},"loc":{"start":{"line":5,"column":48},"end":{"line":8,"column":1}},"line":5},"1":{"name":"(anonymous_1)","decl":{"start":{"line":10,"column":28},"end":{"line":10,"column":29}},"loc":{"start":{"line":10,"column":39},"end":{"line":20,"column":1}},"line":10},"2":{"name":"(anonymous_2)","decl":{"start":{"line":11,"column":22},"end":{"line":11,"column":23}},"loc":{"start":{"line":11,"column":43},"end":{"line":19,"column":4}},"line":11},"3":{"name":"(anonymous_3)","decl":{"start":{"line":15,"column":18},"end":{"line":15,"column":19}},"loc":{"start":{"line":15,"column":33},"end":{"line":18,"column":7}},"line":15},"4":{"name":"(anonymous_4)","decl":{"start":{"line":22,"column":32},"end":{"line":22,"column":33}},"loc":{"start":{"line":22,"column":47},"end":{"line":52,"column":1}},"line":22},"5":{"name":"(anonymous_5)","decl":{"start":{"line":23,"column":22},"end":{"line":23,"column":23}},"loc":{"start":{"line":23,"column":43},"end":{"line":51,"column":4}},"line":23},"6":{"name":"(anonymous_6)","decl":{"start":{"line":47,"column":24},"end":{"line":47,"column":25}},"loc":{"start":{"line":47,"column":39},"end":{"line":50,"column":7}},"line":47},"7":{"name":"(anonymous_7)","decl":{"start":{"line":54,"column":27},"end":{"line":54,"column":28}},"loc":{"start":{"line":54,"column":35},"end":{"line":62,"column":1}},"line":54},"8":{"name":"(anonymous_8)","decl":{"start":{"line":55,"column":22},"end":{"line":55,"column":23}},"loc":{"start":{"line":55,"column":43},"end":{"line":61,"column":4}},"line":55},"9":{"name":"(anonymous_9)","decl":{"start":{"line":57,"column":24},"end":{"line":57,"column":25}},"loc":{"start":{"line":57,"column":38},"end":{"line":60,"column":7}},"line":57},"10":{"name":"(anonymous_10)","decl":{"start":{"line":64,"column":30},"end":{"line":64,"column":31}},"loc":{"start":{"line":64,"column":49},"end":{"line":84,"column":1}},"line":64},"11":{"name":"(anonymous_11)","decl":{"start":{"line":65,"column":22},"end":{"line":65,"column":23}},"loc":{"start":{"line":65,"column":43},"end":{"line":83,"column":4}},"line":65},"12":{"name":"(anonymous_12)","decl":{"start":{"line":75,"column":9},"end":{"line":75,"column":10}},"loc":{"start":{"line":75,"column":24},"end":{"line":81,"column":10}},"line":75},"13":{"name":"(anonymous_13)","decl":{"start":{"line":86,"column":34},"end":{"line":86,"column":35}},"loc":{"start":{"line":86,"column":48},"end":{"line":100,"column":1}},"line":86},"14":{"name":"(anonymous_14)","decl":{"start":{"line":87,"column":22},"end":{"line":87,"column":23}},"loc":{"start":{"line":87,"column":43},"end":{"line":99,"column":4}},"line":87},"15":{"name":"(anonymous_15)","decl":{"start":{"line":88,"column":23},"end":{"line":88,"column":24}},"loc":{"start":{"line":88,"column":32},"end":{"line":98,"column":7}},"line":88},"16":{"name":"(anonymous_16)","decl":{"start":{"line":91,"column":59},"end":{"line":91,"column":60}},"loc":{"start":{"line":91,"column":74},"end":{"line":97,"column":10}},"line":91},"17":{"name":"(anonymous_17)","decl":{"start":{"line":102,"column":32},"end":{"line":102,"column":33}},"loc":{"start":{"line":102,"column":47},"end":{"line":113,"column":1}},"line":102},"18":{"name":"(anonymous_18)","decl":{"start":{"line":103,"column":22},"end":{"line":103,"column":23}},"loc":{"start":{"line":103,"column":43},"end":{"line":112,"column":4}},"line":103},"19":{"name":"(anonymous_19)","decl":{"start":{"line":105,"column":31},"end":{"line":105,"column":32}},"loc":{"start":{"line":105,"column":46},"end":{"line":111,"column":7}},"line":105},"20":{"name":"(anonymous_20)","decl":{"start":{"line":115,"column":30},"end":{"line":115,"column":31}},"loc":{"start":{"line":115,"column":38},"end":{"line":126,"column":1}},"line":115},"21":{"name":"(anonymous_21)","decl":{"start":{"line":116,"column":22},"end":{"line":116,"column":23}},"loc":{"start":{"line":116,"column":43},"end":{"line":125,"column":4}},"line":116},"22":{"name":"(anonymous_22)","decl":{"start":{"line":118,"column":24},"end":{"line":118,"column":25}},"loc":{"start":{"line":118,"column":39},"end":{"line":124,"column":7}},"line":118}},"branchMap":{"0":{"loc":{"start":{"line":6,"column":3},"end":{"line":6,"column":21}},"type":"if","locations":[{"start":{"line":6,"column":3},"end":{"line":6,"column":21}},{"start":{"line":6,"column":3},"end":{"line":6,"column":21}}],"line":6},"1":{"loc":{"start":{"line":13,"column":9},"end":{"line":13,"column":62}},"type":"cond-expr","locations":[{"start":{"line":13,"column":31},"end":{"line":13,"column":57}},{"start":{"line":13,"column":60},"end":{"line":13,"column":62}}],"line":13},"2":{"loc":{"start":{"line":16,"column":9},"end":{"line":16,"column":36}},"type":"if","locations":[{"start":{"line":16,"column":9},"end":{"line":16,"column":36}},{"start":{"line":16,"column":9},"end":{"line":16,"column":36}}],"line":16},"3":{"loc":{"start":{"line":25,"column":9},"end":{"line":46,"column":10}},"type":"cond-expr","locations":[{"start":{"line":25,"column":32},"end":{"line":36,"column":10}},{"start":{"line":36,"column":13},"end":{"line":46,"column":10}}],"line":25},"4":{"loc":{"start":{"line":48,"column":9},"end":{"line":48,"column":36}},"type":"if","locations":[{"start":{"line":48,"column":9},"end":{"line":48,"column":36}},{"start":{"line":48,"column":9},"end":{"line":48,"column":36}}],"line":48},"5":{"loc":{"start":{"line":58,"column":9},"end":{"line":58,"column":36}},"type":"if","locations":[{"start":{"line":58,"column":9},"end":{"line":58,"column":36}},{"start":{"line":58,"column":9},"end":{"line":58,"column":36}}],"line":58},"6":{"loc":{"start":{"line":76,"column":12},"end":{"line":76,"column":39}},"type":"if","locations":[{"start":{"line":76,"column":12},"end":{"line":76,"column":39}},{"start":{"line":76,"column":12},"end":{"line":76,"column":39}}],"line":76},"7":{"loc":{"start":{"line":92,"column":12},"end":{"line":92,"column":39}},"type":"if","locations":[{"start":{"line":92,"column":12},"end":{"line":92,"column":39}},{"start":{"line":92,"column":12},"end":{"line":92,"column":39}}],"line":92},"8":{"loc":{"start":{"line":106,"column":9},"end":{"line":106,"column":36}},"type":"if","locations":[{"start":{"line":106,"column":9},"end":{"line":106,"column":36}},{"start":{"line":106,"column":9},"end":{"line":106,"column":36}}],"line":106},"9":{"loc":{"start":{"line":119,"column":9},"end":{"line":119,"column":36}},"type":"if","locations":[{"start":{"line":119,"column":9},"end":{"line":119,"column":36}},{"start":{"line":119,"column":9},"end":{"line":119,"column":36}}],"line":119}},"s":{"0":1,"1":1,"2":1,"3":1,"4":0,"5":1,"6":1,"7":3,"8":3,"9":3,"10":3,"11":0,"12":3,"13":1,"14":5,"15":5,"16":5,"17":5,"18":0,"19":5,"20":1,"21":1,"22":1,"23":1,"24":1,"25":0,"26":1,"27":1,"28":2,"29":2,"30":2,"31":2,"32":0,"33":2,"34":1,"35":2,"36":2,"37":2,"38":2,"39":2,"40":0,"41":2,"42":1,"43":3,"44":3,"45":3,"46":3,"47":1,"48":2,"49":1,"50":2,"51":2,"52":2,"53":2,"54":0,"55":2},"f":{"0":1,"1":3,"2":3,"3":3,"4":5,"5":5,"6":5,"7":1,"8":1,"9":1,"10":2,"11":2,"12":2,"13":2,"14":2,"15":2,"16":2,"17":3,"18":3,"19":3,"20":2,"21":2,"22":2},"b":{"0":[0,1],"1":[2,1],"2":[0,3],"3":[0,5],"4":[0,5],"5":[0,1],"6":[0,2],"7":[0,2],"8":[1,2],"9":[0,2]},"_coverageSchema":"1a1c01bbd47fc00a2c39e90264f33305004495a9","hash":"a727e5be53a8914256169aaff6681fcaeb5b8850","contentHash":"08f5610a424f88f871a5b2d9b1dd4e8ac70d65320fb1e1fc7c237f2592e7eb8d"},"C:\\Users\\alega\\Documents\\GitHub\\ezwh\\code\\server\\api\\routers\\returnOrder_router.js":{"path":"C:\\Users\\alega\\Documents\\GitHub\\ezwh\\code\\server\\api\\routers\\returnOrder_router.js","statementMap":{"0":{"start":{"line":2,"column":16},"end":{"line":2,"column":34}},"1":{"start":{"line":3,"column":27},"end":{"line":3,"column":69}},"2":{"start":{"line":4,"column":23},"end":{"line":4,"column":60}},"3":{"start":{"line":6,"column":16},"end":{"line":6,"column":54}},"4":{"start":{"line":7,"column":15},"end":{"line":7,"column":31}},"5":{"start":{"line":8,"column":42},"end":{"line":8,"column":70}},"6":{"start":{"line":10,"column":0},"end":{"line":16,"column":2}},"7":{"start":{"line":11,"column":16},"end":{"line":11,"column":47}},"8":{"start":{"line":12,"column":3},"end":{"line":14,"column":4}},"9":{"start":{"line":13,"column":6},"end":{"line":13,"column":52}},"10":{"start":{"line":15,"column":3},"end":{"line":15,"column":39}},"11":{"start":{"line":18,"column":0},"end":{"line":24,"column":2}},"12":{"start":{"line":19,"column":16},"end":{"line":19,"column":59}},"13":{"start":{"line":20,"column":3},"end":{"line":22,"column":4}},"14":{"start":{"line":21,"column":6},"end":{"line":21,"column":52}},"15":{"start":{"line":23,"column":3},"end":{"line":23,"column":39}},"16":{"start":{"line":26,"column":0},"end":{"line":40,"column":2}},"17":{"start":{"line":30,"column":18},"end":{"line":30,"column":39}},"18":{"start":{"line":31,"column":3},"end":{"line":33,"column":4}},"19":{"start":{"line":32,"column":6},"end":{"line":32,"column":34}},"20":{"start":{"line":35,"column":16},"end":{"line":35,"column":57}},"21":{"start":{"line":36,"column":3},"end":{"line":38,"column":4}},"22":{"start":{"line":37,"column":6},"end":{"line":37,"column":42}},"23":{"start":{"line":39,"column":3},"end":{"line":39,"column":39}},"24":{"start":{"line":42,"column":0},"end":{"line":48,"column":2}},"25":{"start":{"line":43,"column":16},"end":{"line":43,"column":62}},"26":{"start":{"line":44,"column":3},"end":{"line":46,"column":4}},"27":{"start":{"line":45,"column":6},"end":{"line":45,"column":42}},"28":{"start":{"line":47,"column":3},"end":{"line":47,"column":39}},"29":{"start":{"line":50,"column":0},"end":{"line":50,"column":23}}},"fnMap":{"0":{"name":"(anonymous_0)","decl":{"start":{"line":10,"column":28},"end":{"line":10,"column":29}},"loc":{"start":{"line":10,"column":48},"end":{"line":16,"column":1}},"line":10},"1":{"name":"(anonymous_1)","decl":{"start":{"line":18,"column":32},"end":{"line":18,"column":33}},"loc":{"start":{"line":18,"column":52},"end":{"line":24,"column":1}},"line":18},"2":{"name":"(anonymous_2)","decl":{"start":{"line":29,"column":2},"end":{"line":29,"column":3}},"loc":{"start":{"line":29,"column":22},"end":{"line":40,"column":1}},"line":29},"3":{"name":"(anonymous_3)","decl":{"start":{"line":42,"column":34},"end":{"line":42,"column":35}},"loc":{"start":{"line":42,"column":54},"end":{"line":48,"column":1}},"line":42}},"branchMap":{"0":{"loc":{"start":{"line":12,"column":3},"end":{"line":14,"column":4}},"type":"if","locations":[{"start":{"line":12,"column":3},"end":{"line":14,"column":4}},{"start":{"line":12,"column":3},"end":{"line":14,"column":4}}],"line":12},"1":{"loc":{"start":{"line":20,"column":3},"end":{"line":22,"column":4}},"type":"if","locations":[{"start":{"line":20,"column":3},"end":{"line":22,"column":4}},{"start":{"line":20,"column":3},"end":{"line":22,"column":4}}],"line":20},"2":{"loc":{"start":{"line":31,"column":3},"end":{"line":33,"column":4}},"type":"if","locations":[{"start":{"line":31,"column":3},"end":{"line":33,"column":4}},{"start":{"line":31,"column":3},"end":{"line":33,"column":4}}],"line":31},"3":{"loc":{"start":{"line":36,"column":3},"end":{"line":38,"column":4}},"type":"if","locations":[{"start":{"line":36,"column":3},"end":{"line":38,"column":4}},{"start":{"line":36,"column":3},"end":{"line":38,"column":4}}],"line":36},"4":{"loc":{"start":{"line":44,"column":3},"end":{"line":46,"column":4}},"type":"if","locations":[{"start":{"line":44,"column":3},"end":{"line":46,"column":4}},{"start":{"line":44,"column":3},"end":{"line":46,"column":4}}],"line":44}},"s":{"0":1,"1":1,"2":1,"3":1,"4":1,"5":1,"6":1,"7":1,"8":1,"9":1,"10":0,"11":1,"12":1,"13":1,"14":1,"15":0,"16":1,"17":2,"18":2,"19":0,"20":2,"21":2,"22":1,"23":1,"24":1,"25":1,"26":1,"27":1,"28":0,"29":1},"f":{"0":1,"1":1,"2":2,"3":1},"b":{"0":[1,0],"1":[1,0],"2":[0,2],"3":[1,1],"4":[1,0]},"_coverageSchema":"1a1c01bbd47fc00a2c39e90264f33305004495a9","hash":"90844a02f9dd87a09c3152c5f4a76e855b732956","contentHash":"1309d26ccf90476c3d40422150757b255f771b0484e8844d12bfa7a3cb60d2fe"},"C:\\Users\\alega\\Documents\\GitHub\\ezwh\\code\\server\\api\\services\\returnOrder_service.js":{"path":"C:\\Users\\alega\\Documents\\GitHub\\ezwh\\code\\server\\api\\services\\returnOrder_service.js","statementMap":{"0":{"start":{"line":5,"column":6},"end":{"line":5,"column":20}},"1":{"start":{"line":8,"column":21},"end":{"line":42,"column":4}},"2":{"start":{"line":12,"column":6},"end":{"line":41,"column":7}},"3":{"start":{"line":13,"column":24},"end":{"line":13,"column":56}},"4":{"start":{"line":14,"column":22},"end":{"line":30,"column":10}},"5":{"start":{"line":16,"column":32},"end":{"line":16,"column":76}},"6":{"start":{"line":17,"column":15},"end":{"line":28,"column":16}},"7":{"start":{"line":20,"column":49},"end":{"line":26,"column":19}},"8":{"start":{"line":31,"column":9},"end":{"line":35,"column":10}},"9":{"start":{"line":37,"column":9},"end":{"line":40,"column":10}},"10":{"start":{"line":44,"column":20},"end":{"line":88,"column":4}},"11":{"start":{"line":50,"column":6},"end":{"line":55,"column":7}},"12":{"start":{"line":51,"column":9},"end":{"line":54,"column":10}},"13":{"start":{"line":56,"column":6},"end":{"line":87,"column":7}},"14":{"start":{"line":57,"column":23},"end":{"line":57,"column":56}},"15":{"start":{"line":58,"column":9},"end":{"line":63,"column":10}},"16":{"start":{"line":59,"column":12},"end":{"line":62,"column":13}},"17":{"start":{"line":64,"column":26},"end":{"line":64,"column":70}},"18":{"start":{"line":65,"column":9},"end":{"line":81,"column":10}},"19":{"start":{"line":72,"column":46},"end":{"line":78,"column":16}},"20":{"start":{"line":83,"column":9},"end":{"line":86,"column":10}},"21":{"start":{"line":90,"column":23},"end":{"line":129,"column":4}},"22":{"start":{"line":95,"column":6},"end":{"line":100,"column":7}},"23":{"start":{"line":96,"column":9},"end":{"line":99,"column":10}},"24":{"start":{"line":101,"column":20},"end":{"line":104,"column":7}},"25":{"start":{"line":105,"column":6},"end":{"line":128,"column":7}},"26":{"start":{"line":106,"column":22},"end":{"line":106,"column":61}},"27":{"start":{"line":107,"column":22},"end":{"line":112,"column":10}},"28":{"start":{"line":108,"column":44},"end":{"line":111,"column":13}},"29":{"start":{"line":113,"column":9},"end":{"line":116,"column":10}},"30":{"start":{"line":118,"column":9},"end":{"line":123,"column":10}},"31":{"start":{"line":119,"column":12},"end":{"line":122,"column":13}},"32":{"start":{"line":124,"column":9},"end":{"line":127,"column":10}},"33":{"start":{"line":131,"column":23},"end":{"line":149,"column":4}},"34":{"start":{"line":137,"column":6},"end":{"line":148,"column":7}},"35":{"start":{"line":138,"column":9},"end":{"line":138,"column":45}},"36":{"start":{"line":139,"column":9},"end":{"line":142,"column":10}},"37":{"start":{"line":144,"column":9},"end":{"line":147,"column":10}},"38":{"start":{"line":152,"column":0},"end":{"line":152,"column":35}}},"fnMap":{"0":{"name":"(anonymous_0)","decl":{"start":{"line":4,"column":3},"end":{"line":4,"column":4}},"loc":{"start":{"line":4,"column":20},"end":{"line":6,"column":4}},"line":4},"1":{"name":"(anonymous_1)","decl":{"start":{"line":8,"column":21},"end":{"line":8,"column":22}},"loc":{"start":{"line":8,"column":33},"end":{"line":42,"column":4}},"line":8},"2":{"name":"(anonymous_2)","decl":{"start":{"line":15,"column":23},"end":{"line":15,"column":24}},"loc":{"start":{"line":15,"column":40},"end":{"line":29,"column":13}},"line":15},"3":{"name":"(anonymous_3)","decl":{"start":{"line":20,"column":41},"end":{"line":20,"column":42}},"loc":{"start":{"line":20,"column":49},"end":{"line":26,"column":19}},"line":20},"4":{"name":"(anonymous_4)","decl":{"start":{"line":44,"column":20},"end":{"line":44,"column":21}},"loc":{"start":{"line":44,"column":34},"end":{"line":88,"column":4}},"line":44},"5":{"name":"(anonymous_5)","decl":{"start":{"line":72,"column":38},"end":{"line":72,"column":39}},"loc":{"start":{"line":72,"column":46},"end":{"line":78,"column":16}},"line":72},"6":{"name":"(anonymous_6)","decl":{"start":{"line":90,"column":23},"end":{"line":90,"column":24}},"loc":{"start":{"line":90,"column":39},"end":{"line":129,"column":4}},"line":90},"7":{"name":"(anonymous_7)","decl":{"start":{"line":108,"column":30},"end":{"line":108,"column":31}},"loc":{"start":{"line":108,"column":44},"end":{"line":111,"column":13}},"line":108},"8":{"name":"(anonymous_8)","decl":{"start":{"line":131,"column":23},"end":{"line":131,"column":24}},"loc":{"start":{"line":131,"column":37},"end":{"line":149,"column":4}},"line":131}},"branchMap":{"0":{"loc":{"start":{"line":50,"column":6},"end":{"line":55,"column":7}},"type":"if","locations":[{"start":{"line":50,"column":6},"end":{"line":55,"column":7}},{"start":{"line":50,"column":6},"end":{"line":55,"column":7}}],"line":50},"1":{"loc":{"start":{"line":58,"column":9},"end":{"line":63,"column":10}},"type":"if","locations":[{"start":{"line":58,"column":9},"end":{"line":63,"column":10}},{"start":{"line":58,"column":9},"end":{"line":63,"column":10}}],"line":58},"2":{"loc":{"start":{"line":95,"column":6},"end":{"line":100,"column":7}},"type":"if","locations":[{"start":{"line":95,"column":6},"end":{"line":100,"column":7}},{"start":{"line":95,"column":6},"end":{"line":100,"column":7}}],"line":95},"3":{"loc":{"start":{"line":118,"column":9},"end":{"line":123,"column":10}},"type":"if","locations":[{"start":{"line":118,"column":9},"end":{"line":123,"column":10}},{"start":{"line":118,"column":9},"end":{"line":123,"column":10}}],"line":118}},"s":{"0":1,"1":1,"2":1,"3":1,"4":1,"5":1,"6":1,"7":0,"8":1,"9":0,"10":1,"11":1,"12":0,"13":1,"14":1,"15":1,"16":0,"17":1,"18":1,"19":0,"20":0,"21":1,"22":2,"23":0,"24":2,"25":2,"26":2,"27":1,"28":1,"29":1,"30":1,"31":1,"32":0,"33":1,"34":1,"35":1,"36":1,"37":0,"38":1},"f":{"0":1,"1":1,"2":1,"3":0,"4":1,"5":0,"6":2,"7":1,"8":1},"b":{"0":[0,1],"1":[0,1],"2":[0,2],"3":[1,0]},"_coverageSchema":"1a1c01bbd47fc00a2c39e90264f33305004495a9","hash":"bf20a65588c974a177d6ae5c122dd1a6c7b27ac9","contentHash":"4655015110b14e1d28a7230c55faac591e7d4aad25c2febdc52c05a9b2f52f82"},"C:\\Users\\alega\\Documents\\GitHub\\ezwh\\code\\server\\api\\modules\\returnOrder_dao.js":{"path":"C:\\Users\\alega\\Documents\\GitHub\\ezwh\\code\\server\\api\\modules\\returnOrder_dao.js","statementMap":{"0":{"start":{"line":2,"column":15},"end":{"line":2,"column":33}},"1":{"start":{"line":3,"column":15},"end":{"line":3,"column":51}},"2":{"start":{"line":5,"column":11},"end":{"line":8,"column":2}},"3":{"start":{"line":6,"column":3},"end":{"line":6,"column":21}},"4":{"start":{"line":6,"column":12},"end":{"line":6,"column":21}},"5":{"start":{"line":7,"column":3},"end":{"line":7,"column":37}},"6":{"start":{"line":10,"column":0},"end":{"line":18,"column":1}},"7":{"start":{"line":11,"column":3},"end":{"line":17,"column":5}},"8":{"start":{"line":12,"column":18},"end":{"line":12,"column":46}},"9":{"start":{"line":13,"column":6},"end":{"line":16,"column":8}},"10":{"start":{"line":14,"column":9},"end":{"line":14,"column":36}},"11":{"start":{"line":14,"column":18},"end":{"line":14,"column":36}},"12":{"start":{"line":15,"column":9},"end":{"line":15,"column":29}},"13":{"start":{"line":20,"column":0},"end":{"line":38,"column":1}},"14":{"start":{"line":21,"column":3},"end":{"line":37,"column":5}},"15":{"start":{"line":22,"column":18},"end":{"line":32,"column":25}},"16":{"start":{"line":33,"column":6},"end":{"line":36,"column":8}},"17":{"start":{"line":34,"column":9},"end":{"line":34,"column":36}},"18":{"start":{"line":34,"column":18},"end":{"line":34,"column":36}},"19":{"start":{"line":35,"column":9},"end":{"line":35,"column":29}},"20":{"start":{"line":40,"column":0},"end":{"line":48,"column":1}},"21":{"start":{"line":41,"column":3},"end":{"line":47,"column":5}},"22":{"start":{"line":42,"column":18},"end":{"line":42,"column":59}},"23":{"start":{"line":43,"column":6},"end":{"line":46,"column":8}},"24":{"start":{"line":44,"column":9},"end":{"line":44,"column":36}},"25":{"start":{"line":44,"column":18},"end":{"line":44,"column":36}},"26":{"start":{"line":45,"column":9},"end":{"line":45,"column":29}},"27":{"start":{"line":50,"column":0},"end":{"line":66,"column":1}},"28":{"start":{"line":51,"column":3},"end":{"line":65,"column":5}},"29":{"start":{"line":53,"column":9},"end":{"line":53,"column":78}},"30":{"start":{"line":54,"column":6},"end":{"line":64,"column":7}},"31":{"start":{"line":58,"column":12},"end":{"line":58,"column":39}},"32":{"start":{"line":58,"column":21},"end":{"line":58,"column":39}},"33":{"start":{"line":59,"column":12},"end":{"line":62,"column":14}},"34":{"start":{"line":68,"column":0},"end":{"line":81,"column":1}},"35":{"start":{"line":69,"column":3},"end":{"line":80,"column":5}},"36":{"start":{"line":70,"column":6},"end":{"line":79,"column":8}},"37":{"start":{"line":71,"column":21},"end":{"line":71,"column":74}},"38":{"start":{"line":72,"column":9},"end":{"line":78,"column":11}},"39":{"start":{"line":73,"column":12},"end":{"line":73,"column":39}},"40":{"start":{"line":73,"column":21},"end":{"line":73,"column":39}},"41":{"start":{"line":74,"column":12},"end":{"line":77,"column":14}},"42":{"start":{"line":83,"column":0},"end":{"line":94,"column":1}},"43":{"start":{"line":84,"column":3},"end":{"line":93,"column":5}},"44":{"start":{"line":85,"column":18},"end":{"line":85,"column":57}},"45":{"start":{"line":86,"column":6},"end":{"line":92,"column":8}},"46":{"start":{"line":87,"column":9},"end":{"line":87,"column":36}},"47":{"start":{"line":87,"column":18},"end":{"line":87,"column":36}},"48":{"start":{"line":88,"column":9},"end":{"line":91,"column":11}}},"fnMap":{"0":{"name":"(anonymous_0)","decl":{"start":{"line":5,"column":39},"end":{"line":5,"column":40}},"loc":{"start":{"line":5,"column":48},"end":{"line":8,"column":1}},"line":5},"1":{"name":"(anonymous_1)","decl":{"start":{"line":10,"column":26},"end":{"line":10,"column":27}},"loc":{"start":{"line":10,"column":32},"end":{"line":18,"column":1}},"line":10},"2":{"name":"(anonymous_2)","decl":{"start":{"line":11,"column":22},"end":{"line":11,"column":23}},"loc":{"start":{"line":11,"column":43},"end":{"line":17,"column":4}},"line":11},"3":{"name":"(anonymous_3)","decl":{"start":{"line":13,"column":18},"end":{"line":13,"column":19}},"loc":{"start":{"line":13,"column":33},"end":{"line":16,"column":7}},"line":13},"4":{"name":"(anonymous_4)","decl":{"start":{"line":20,"column":30},"end":{"line":20,"column":31}},"loc":{"start":{"line":20,"column":38},"end":{"line":38,"column":1}},"line":20},"5":{"name":"(anonymous_5)","decl":{"start":{"line":21,"column":22},"end":{"line":21,"column":23}},"loc":{"start":{"line":21,"column":43},"end":{"line":37,"column":4}},"line":21},"6":{"name":"(anonymous_6)","decl":{"start":{"line":33,"column":24},"end":{"line":33,"column":25}},"loc":{"start":{"line":33,"column":39},"end":{"line":36,"column":7}},"line":33},"7":{"name":"(anonymous_7)","decl":{"start":{"line":40,"column":25},"end":{"line":40,"column":26}},"loc":{"start":{"line":40,"column":33},"end":{"line":48,"column":1}},"line":40},"8":{"name":"(anonymous_8)","decl":{"start":{"line":41,"column":22},"end":{"line":41,"column":23}},"loc":{"start":{"line":41,"column":43},"end":{"line":47,"column":4}},"line":41},"9":{"name":"(anonymous_9)","decl":{"start":{"line":43,"column":24},"end":{"line":43,"column":25}},"loc":{"start":{"line":43,"column":39},"end":{"line":46,"column":7}},"line":43},"10":{"name":"(anonymous_10)","decl":{"start":{"line":50,"column":28},"end":{"line":50,"column":29}},"loc":{"start":{"line":50,"column":45},"end":{"line":66,"column":1}},"line":50},"11":{"name":"(anonymous_11)","decl":{"start":{"line":51,"column":22},"end":{"line":51,"column":23}},"loc":{"start":{"line":51,"column":43},"end":{"line":65,"column":4}},"line":51},"12":{"name":"(anonymous_12)","decl":{"start":{"line":57,"column":9},"end":{"line":57,"column":10}},"loc":{"start":{"line":57,"column":24},"end":{"line":63,"column":10}},"line":57},"13":{"name":"(anonymous_13)","decl":{"start":{"line":68,"column":32},"end":{"line":68,"column":33}},"loc":{"start":{"line":68,"column":46},"end":{"line":81,"column":1}},"line":68},"14":{"name":"(anonymous_14)","decl":{"start":{"line":69,"column":22},"end":{"line":69,"column":23}},"loc":{"start":{"line":69,"column":43},"end":{"line":80,"column":4}},"line":69},"15":{"name":"(anonymous_15)","decl":{"start":{"line":70,"column":23},"end":{"line":70,"column":24}},"loc":{"start":{"line":70,"column":32},"end":{"line":79,"column":7}},"line":70},"16":{"name":"(anonymous_16)","decl":{"start":{"line":72,"column":45},"end":{"line":72,"column":46}},"loc":{"start":{"line":72,"column":60},"end":{"line":78,"column":10}},"line":72},"17":{"name":"(anonymous_17)","decl":{"start":{"line":83,"column":28},"end":{"line":83,"column":29}},"loc":{"start":{"line":83,"column":36},"end":{"line":94,"column":1}},"line":83},"18":{"name":"(anonymous_18)","decl":{"start":{"line":84,"column":22},"end":{"line":84,"column":23}},"loc":{"start":{"line":84,"column":43},"end":{"line":93,"column":4}},"line":84},"19":{"name":"(anonymous_19)","decl":{"start":{"line":86,"column":24},"end":{"line":86,"column":25}},"loc":{"start":{"line":86,"column":39},"end":{"line":92,"column":7}},"line":86}},"branchMap":{"0":{"loc":{"start":{"line":6,"column":3},"end":{"line":6,"column":21}},"type":"if","locations":[{"start":{"line":6,"column":3},"end":{"line":6,"column":21}},{"start":{"line":6,"column":3},"end":{"line":6,"column":21}}],"line":6},"1":{"loc":{"start":{"line":14,"column":9},"end":{"line":14,"column":36}},"type":"if","locations":[{"start":{"line":14,"column":9},"end":{"line":14,"column":36}},{"start":{"line":14,"column":9},"end":{"line":14,"column":36}}],"line":14},"2":{"loc":{"start":{"line":34,"column":9},"end":{"line":34,"column":36}},"type":"if","locations":[{"start":{"line":34,"column":9},"end":{"line":34,"column":36}},{"start":{"line":34,"column":9},"end":{"line":34,"column":36}}],"line":34},"3":{"loc":{"start":{"line":44,"column":9},"end":{"line":44,"column":36}},"type":"if","locations":[{"start":{"line":44,"column":9},"end":{"line":44,"column":36}},{"start":{"line":44,"column":9},"end":{"line":44,"column":36}}],"line":44},"4":{"loc":{"start":{"line":58,"column":12},"end":{"line":58,"column":39}},"type":"if","locations":[{"start":{"line":58,"column":12},"end":{"line":58,"column":39}},{"start":{"line":58,"column":12},"end":{"line":58,"column":39}}],"line":58},"5":{"loc":{"start":{"line":73,"column":12},"end":{"line":73,"column":39}},"type":"if","locations":[{"start":{"line":73,"column":12},"end":{"line":73,"column":39}},{"start":{"line":73,"column":12},"end":{"line":73,"column":39}}],"line":73},"6":{"loc":{"start":{"line":87,"column":9},"end":{"line":87,"column":36}},"type":"if","locations":[{"start":{"line":87,"column":9},"end":{"line":87,"column":36}},{"start":{"line":87,"column":9},"end":{"line":87,"column":36}}],"line":87}},"s":{"0":1,"1":1,"2":1,"3":1,"4":0,"5":1,"6":1,"7":1,"8":1,"9":1,"10":1,"11":0,"12":1,"13":1,"14":2,"15":2,"16":2,"17":2,"18":0,"19":2,"20":1,"21":1,"22":1,"23":1,"24":1,"25":0,"26":1,"27":1,"28":2,"29":2,"30":2,"31":2,"32":1,"33":1,"34":1,"35":1,"36":1,"37":1,"38":1,"39":1,"40":0,"41":1,"42":1,"43":1,"44":1,"45":1,"46":1,"47":0,"48":1},"f":{"0":1,"1":1,"2":1,"3":1,"4":2,"5":2,"6":2,"7":1,"8":1,"9":1,"10":2,"11":2,"12":2,"13":1,"14":1,"15":1,"16":1,"17":1,"18":1,"19":1},"b":{"0":[0,1],"1":[0,1],"2":[0,2],"3":[0,1],"4":[1,1],"5":[0,1],"6":[0,1]},"_coverageSchema":"1a1c01bbd47fc00a2c39e90264f33305004495a9","hash":"b00db447c3a445f8d4bca673c038fcec67469290","contentHash":"13bcb3c308ddf612ca6d08082be5d5f7c9ca5c9474c8cd0bd4cc66cd371ecdd5"},"C:\\Users\\alega\\Documents\\GitHub\\ezwh\\code\\server\\api\\routers\\user_router.js":{"path":"C:\\Users\\alega\\Documents\\GitHub\\ezwh\\code\\server\\api\\routers\\user_router.js","statementMap":{"0":{"start":{"line":2,"column":16},"end":{"line":2,"column":34}},"1":{"start":{"line":3,"column":20},"end":{"line":3,"column":55}},"2":{"start":{"line":4,"column":16},"end":{"line":4,"column":46}},"3":{"start":{"line":6,"column":16},"end":{"line":6,"column":40}},"4":{"start":{"line":7,"column":15},"end":{"line":7,"column":31}},"5":{"start":{"line":8,"column":42},"end":{"line":8,"column":70}},"6":{"start":{"line":12,"column":0},"end":{"line":14,"column":2}},"7":{"start":{"line":13,"column":3},"end":{"line":13,"column":31}},"8":{"start":{"line":16,"column":0},"end":{"line":22,"column":2}},"9":{"start":{"line":17,"column":16},"end":{"line":17,"column":44}},"10":{"start":{"line":18,"column":3},"end":{"line":20,"column":4}},"11":{"start":{"line":19,"column":6},"end":{"line":19,"column":52}},"12":{"start":{"line":21,"column":3},"end":{"line":21,"column":39}},"13":{"start":{"line":24,"column":0},"end":{"line":30,"column":2}},"14":{"start":{"line":25,"column":16},"end":{"line":25,"column":40}},"15":{"start":{"line":26,"column":3},"end":{"line":28,"column":4}},"16":{"start":{"line":27,"column":6},"end":{"line":27,"column":52}},"17":{"start":{"line":29,"column":3},"end":{"line":29,"column":39}},"18":{"start":{"line":33,"column":0},"end":{"line":39,"column":2}},"19":{"start":{"line":34,"column":16},"end":{"line":34,"column":50}},"20":{"start":{"line":35,"column":3},"end":{"line":37,"column":4}},"21":{"start":{"line":36,"column":6},"end":{"line":36,"column":42}},"22":{"start":{"line":38,"column":3},"end":{"line":38,"column":39}},"23":{"start":{"line":41,"column":0},"end":{"line":47,"column":2}},"24":{"start":{"line":42,"column":16},"end":{"line":42,"column":58}},"25":{"start":{"line":43,"column":3},"end":{"line":45,"column":4}},"26":{"start":{"line":44,"column":6},"end":{"line":44,"column":52}},"27":{"start":{"line":46,"column":3},"end":{"line":46,"column":39}},"28":{"start":{"line":49,"column":0},"end":{"line":55,"column":2}},"29":{"start":{"line":50,"column":16},"end":{"line":50,"column":59}},"30":{"start":{"line":51,"column":3},"end":{"line":53,"column":4}},"31":{"start":{"line":52,"column":6},"end":{"line":52,"column":52}},"32":{"start":{"line":54,"column":3},"end":{"line":54,"column":39}},"33":{"start":{"line":57,"column":0},"end":{"line":63,"column":2}},"34":{"start":{"line":58,"column":16},"end":{"line":58,"column":59}},"35":{"start":{"line":59,"column":3},"end":{"line":61,"column":4}},"36":{"start":{"line":60,"column":6},"end":{"line":60,"column":52}},"37":{"start":{"line":62,"column":3},"end":{"line":62,"column":39}},"38":{"start":{"line":65,"column":0},"end":{"line":71,"column":2}},"39":{"start":{"line":66,"column":16},"end":{"line":66,"column":56}},"40":{"start":{"line":67,"column":3},"end":{"line":69,"column":4}},"41":{"start":{"line":68,"column":6},"end":{"line":68,"column":52}},"42":{"start":{"line":70,"column":3},"end":{"line":70,"column":39}},"43":{"start":{"line":73,"column":0},"end":{"line":79,"column":2}},"44":{"start":{"line":74,"column":16},"end":{"line":74,"column":66}},"45":{"start":{"line":75,"column":3},"end":{"line":77,"column":4}},"46":{"start":{"line":76,"column":6},"end":{"line":76,"column":52}},"47":{"start":{"line":78,"column":3},"end":{"line":78,"column":39}},"48":{"start":{"line":81,"column":0},"end":{"line":87,"column":2}},"49":{"start":{"line":82,"column":16},"end":{"line":82,"column":67}},"50":{"start":{"line":83,"column":3},"end":{"line":85,"column":4}},"51":{"start":{"line":84,"column":6},"end":{"line":84,"column":52}},"52":{"start":{"line":86,"column":3},"end":{"line":86,"column":39}},"53":{"start":{"line":90,"column":0},"end":{"line":92,"column":2}},"54":{"start":{"line":91,"column":3},"end":{"line":91,"column":31}},"55":{"start":{"line":95,"column":0},"end":{"line":101,"column":2}},"56":{"start":{"line":96,"column":16},"end":{"line":96,"column":71}},"57":{"start":{"line":97,"column":3},"end":{"line":99,"column":4}},"58":{"start":{"line":98,"column":6},"end":{"line":98,"column":42}},"59":{"start":{"line":100,"column":3},"end":{"line":100,"column":39}},"60":{"start":{"line":104,"column":0},"end":{"line":119,"column":2}},"61":{"start":{"line":109,"column":16},"end":{"line":109,"column":37}},"62":{"start":{"line":110,"column":3},"end":{"line":112,"column":4}},"63":{"start":{"line":111,"column":7},"end":{"line":111,"column":36}},"64":{"start":{"line":114,"column":16},"end":{"line":114,"column":78}},"65":{"start":{"line":115,"column":3},"end":{"line":117,"column":4}},"66":{"start":{"line":116,"column":6},"end":{"line":116,"column":42}},"67":{"start":{"line":118,"column":3},"end":{"line":118,"column":39}},"68":{"start":{"line":122,"column":0},"end":{"line":122,"column":23}}},"fnMap":{"0":{"name":"(anonymous_0)","decl":{"start":{"line":12,"column":24},"end":{"line":12,"column":25}},"loc":{"start":{"line":12,"column":44},"end":{"line":14,"column":1}},"line":12},"1":{"name":"(anonymous_1)","decl":{"start":{"line":16,"column":25},"end":{"line":16,"column":26}},"loc":{"start":{"line":16,"column":45},"end":{"line":22,"column":1}},"line":16},"2":{"name":"(anonymous_2)","decl":{"start":{"line":24,"column":21},"end":{"line":24,"column":22}},"loc":{"start":{"line":24,"column":41},"end":{"line":30,"column":1}},"line":24},"3":{"name":"(anonymous_3)","decl":{"start":{"line":33,"column":24},"end":{"line":33,"column":25}},"loc":{"start":{"line":33,"column":44},"end":{"line":39,"column":1}},"line":33},"4":{"name":"(anonymous_4)","decl":{"start":{"line":41,"column":32},"end":{"line":41,"column":33}},"loc":{"start":{"line":41,"column":52},"end":{"line":47,"column":1}},"line":41},"5":{"name":"(anonymous_5)","decl":{"start":{"line":49,"column":33},"end":{"line":49,"column":34}},"loc":{"start":{"line":49,"column":53},"end":{"line":55,"column":1}},"line":49},"6":{"name":"(anonymous_6)","decl":{"start":{"line":57,"column":33},"end":{"line":57,"column":34}},"loc":{"start":{"line":57,"column":53},"end":{"line":63,"column":1}},"line":57},"7":{"name":"(anonymous_7)","decl":{"start":{"line":65,"column":30},"end":{"line":65,"column":31}},"loc":{"start":{"line":65,"column":50},"end":{"line":71,"column":1}},"line":65},"8":{"name":"(anonymous_8)","decl":{"start":{"line":73,"column":40},"end":{"line":73,"column":41}},"loc":{"start":{"line":73,"column":60},"end":{"line":79,"column":1}},"line":73},"9":{"name":"(anonymous_9)","decl":{"start":{"line":81,"column":41},"end":{"line":81,"column":42}},"loc":{"start":{"line":81,"column":61},"end":{"line":87,"column":1}},"line":81},"10":{"name":"(anonymous_10)","decl":{"start":{"line":90,"column":23},"end":{"line":90,"column":24}},"loc":{"start":{"line":90,"column":43},"end":{"line":92,"column":1}},"line":90},"11":{"name":"(anonymous_11)","decl":{"start":{"line":95,"column":31},"end":{"line":95,"column":32}},"loc":{"start":{"line":95,"column":51},"end":{"line":101,"column":1}},"line":95},"12":{"name":"(anonymous_12)","decl":{"start":{"line":107,"column":3},"end":{"line":107,"column":4}},"loc":{"start":{"line":107,"column":23},"end":{"line":119,"column":1}},"line":107}},"branchMap":{"0":{"loc":{"start":{"line":18,"column":3},"end":{"line":20,"column":4}},"type":"if","locations":[{"start":{"line":18,"column":3},"end":{"line":20,"column":4}},{"start":{"line":18,"column":3},"end":{"line":20,"column":4}}],"line":18},"1":{"loc":{"start":{"line":26,"column":3},"end":{"line":28,"column":4}},"type":"if","locations":[{"start":{"line":26,"column":3},"end":{"line":28,"column":4}},{"start":{"line":26,"column":3},"end":{"line":28,"column":4}}],"line":26},"2":{"loc":{"start":{"line":35,"column":3},"end":{"line":37,"column":4}},"type":"if","locations":[{"start":{"line":35,"column":3},"end":{"line":37,"column":4}},{"start":{"line":35,"column":3},"end":{"line":37,"column":4}}],"line":35},"3":{"loc":{"start":{"line":43,"column":3},"end":{"line":45,"column":4}},"type":"if","locations":[{"start":{"line":43,"column":3},"end":{"line":45,"column":4}},{"start":{"line":43,"column":3},"end":{"line":45,"column":4}}],"line":43},"4":{"loc":{"start":{"line":51,"column":3},"end":{"line":53,"column":4}},"type":"if","locations":[{"start":{"line":51,"column":3},"end":{"line":53,"column":4}},{"start":{"line":51,"column":3},"end":{"line":53,"column":4}}],"line":51},"5":{"loc":{"start":{"line":59,"column":3},"end":{"line":61,"column":4}},"type":"if","locations":[{"start":{"line":59,"column":3},"end":{"line":61,"column":4}},{"start":{"line":59,"column":3},"end":{"line":61,"column":4}}],"line":59},"6":{"loc":{"start":{"line":67,"column":3},"end":{"line":69,"column":4}},"type":"if","locations":[{"start":{"line":67,"column":3},"end":{"line":69,"column":4}},{"start":{"line":67,"column":3},"end":{"line":69,"column":4}}],"line":67},"7":{"loc":{"start":{"line":75,"column":3},"end":{"line":77,"column":4}},"type":"if","locations":[{"start":{"line":75,"column":3},"end":{"line":77,"column":4}},{"start":{"line":75,"column":3},"end":{"line":77,"column":4}}],"line":75},"8":{"loc":{"start":{"line":83,"column":3},"end":{"line":85,"column":4}},"type":"if","locations":[{"start":{"line":83,"column":3},"end":{"line":85,"column":4}},{"start":{"line":83,"column":3},"end":{"line":85,"column":4}}],"line":83},"9":{"loc":{"start":{"line":97,"column":3},"end":{"line":99,"column":4}},"type":"if","locations":[{"start":{"line":97,"column":3},"end":{"line":99,"column":4}},{"start":{"line":97,"column":3},"end":{"line":99,"column":4}}],"line":97},"10":{"loc":{"start":{"line":110,"column":3},"end":{"line":112,"column":4}},"type":"if","locations":[{"start":{"line":110,"column":3},"end":{"line":112,"column":4}},{"start":{"line":110,"column":3},"end":{"line":112,"column":4}}],"line":110},"11":{"loc":{"start":{"line":115,"column":3},"end":{"line":117,"column":4}},"type":"if","locations":[{"start":{"line":115,"column":3},"end":{"line":117,"column":4}},{"start":{"line":115,"column":3},"end":{"line":117,"column":4}}],"line":115}},"s":{"0":1,"1":1,"2":1,"3":1,"4":1,"5":1,"6":1,"7":0,"8":1,"9":0,"10":0,"11":0,"12":0,"13":1,"14":0,"15":0,"16":0,"17":0,"18":1,"19":1,"20":1,"21":1,"22":0,"23":1,"24":0
[...]
10}},"type":"if","locations":[{"start":{"line":150,"column":9},"end":{"line":160,"column":10}},{"start":{"line":150,"column":9},"end":{"line":160,"column":10}}],"line":150},"6":{"loc":{"start":{"line":162,"column":9},"end":{"line":167,"column":10}},"type":"if","locations":[{"start":{"line":162,"column":9},"end":{"line":167,"column":10}},{"start":{"line":162,"column":9},"end":{"line":167,"column":10}}],"line":162},"7":{"loc":{"start":{"line":184,"column":9},"end":{"line":194,"column":10}},"type":"if","locations":[{"start":{"line":184,"column":9},"end":{"line":194,"column":10}},{"start":{"line":184,"column":9},"end":{"line":194,"column":10}}],"line":184},"8":{"loc":{"start":{"line":196,"column":9},"end":{"line":201,"column":10}},"type":"if","locations":[{"start":{"line":196,"column":9},"end":{"line":201,"column":10}},{"start":{"line":196,"column":9},"end":{"line":201,"column":10}}],"line":196},"9":{"loc":{"start":{"line":212,"column":9},"end":{"line":217,"column":10}},"type":"if","locations":[{"start":{"line":212,"column":9},"end":{"line":217,"column":10}},{"start":{"line":212,"column":9},"end":{"line":217,"column":10}}],"line":212},"10":{"loc":{"start":{"line":220,"column":9},"end":{"line":225,"column":10}},"type":"if","locations":[{"start":{"line":220,"column":9},"end":{"line":225,"column":10}},{"start":{"line":220,"column":9},"end":{"line":225,"column":10}}],"line":220},"11":{"loc":{"start":{"line":220,"column":13},"end":{"line":220,"column":67}},"type":"binary-expr","locations":[{"start":{"line":220,"column":13},"end":{"line":220,"column":39}},{"start":{"line":220,"column":43},"end":{"line":220,"column":67}}],"line":220},"12":{"loc":{"start":{"line":235,"column":9},"end":{"line":240,"column":10}},"type":"if","locations":[{"start":{"line":235,"column":9},"end":{"line":240,"column":10}},{"start":{"line":235,"column":9},"end":{"line":240,"column":10}}],"line":235}},"s":{"0":1,"1":1,"2":2,"3":2,"4":2,"5":3,"6":3,"7":3,"8":3,"9":0,"10":1,"11":2,"12":0,"13":1,"14":1,"15":1,"16":1,"17":0,"18":1,"19":1,"20":1,"21":1,"22":0,"23":1,"24":0,"25":1,"26":1,"27":1,"28":1,"29":1,"30":0,"31":1,"32":4,"33":4,"34":4,"35":3,"36":3,"37":3,"38":1,"39":1,"40":0,"41":1,"42":1,"43":1,"44":1,"45":1,"46":0,"47":0,"48":0,"49":0,"50":1,"51":2,"52":2,"53":2,"54":1,"55":1,"56":0,"57":1,"58":1,"59":0,"60":1,"61":2,"62":2,"63":2,"64":1,"65":1,"66":1,"67":1,"68":0,"69":1,"70":1,"71":0,"72":0,"73":0,"74":1,"75":3,"76":3,"77":3,"78":0,"79":1},"f":{"0":1,"1":2,"2":3,"3":0,"4":1,"5":1,"6":0,"7":1,"8":1,"9":1,"10":4,"11":3,"12":1,"13":2,"14":2,"15":2,"16":3},"b":{"0":[1],"1":[1,2],"2":[0,1],"3":[1,0],"4":[1,0],"5":[1,0],"6":[0,0],"7":[1,0],"8":[1,0],"9":[1,1],"10":[0,1],"11":[1,1],"12":[0,0]},"_coverageSchema":"1a1c01bbd47fc00a2c39e90264f33305004495a9","hash":"60634790ae3ad024b31c53f09819e5558e3300ef","contentHash":"e467fb77713618307b439a355298c2275d3da232cc6f874143ee990612abf8fe"},"C:\\Users\\alega\\Documents\\GitHub\\ezwh\\code\\server\\api\\modules\\restockOrder_dao.js":{"path":"C:\\Users\\alega\\Documents\\GitHub\\ezwh\\code\\server\\api\\modules\\restockOrder_dao.js","statementMap":{"0":{"start":{"line":2,"column":15},"end":{"line":2,"column":33}},"1":{"start":{"line":3,"column":15},"end":{"line":3,"column":51}},"2":{"start":{"line":5,"column":11},"end":{"line":8,"column":2}},"3":{"start":{"line":6,"column":3},"end":{"line":6,"column":21}},"4":{"start":{"line":6,"column":12},"end":{"line":6,"column":21}},"5":{"start":{"line":7,"column":3},"end":{"line":7,"column":37}},"6":{"start":{"line":10,"column":0},"end":{"line":20,"column":1}},"7":{"start":{"line":11,"column":3},"end":{"line":19,"column":5}},"8":{"start":{"line":12,"column":18},"end":{"line":14,"column":8}},"9":{"start":{"line":15,"column":6},"end":{"line":18,"column":8}},"10":{"start":{"line":16,"column":9},"end":{"line":16,"column":36}},"11":{"start":{"line":16,"column":18},"end":{"line":16,"column":36}},"12":{"start":{"line":17,"column":9},"end":{"line":17,"column":29}},"13":{"start":{"line":22,"column":0},"end":{"line":30,"column":1}},"14":{"start":{"line":23,"column":3},"end":{"line":29,"column":5}},"15":{"start":{"line":24,"column":18},"end":{"line":24,"column":60}},"16":{"start":{"line":25,"column":6},"end":{"line":28,"column":8}},"17":{"start":{"line":26,"column":9},"end":{"line":26,"column":36}},"18":{"start":{"line":26,"column":18},"end":{"line":26,"column":36}},"19":{"start":{"line":27,"column":9},"end":{"line":27,"column":28}},"20":{"start":{"line":32,"column":0},"end":{"line":51,"column":1}},"21":{"start":{"line":33,"column":3},"end":{"line":50,"column":5}},"22":{"start":{"line":34,"column":18},"end":{"line":45,"column":7}},"23":{"start":{"line":46,"column":6},"end":{"line":49,"column":8}},"24":{"start":{"line":47,"column":9},"end":{"line":47,"column":36}},"25":{"start":{"line":47,"column":18},"end":{"line":47,"column":36}},"26":{"start":{"line":48,"column":9},"end":{"line":48,"column":29}},"27":{"start":{"line":53,"column":0},"end":{"line":61,"column":1}},"28":{"start":{"line":54,"column":3},"end":{"line":60,"column":5}},"29":{"start":{"line":55,"column":18},"end":{"line":55,"column":61}},"30":{"start":{"line":56,"column":6},"end":{"line":59,"column":8}},"31":{"start":{"line":57,"column":9},"end":{"line":57,"column":36}},"32":{"start":{"line":57,"column":18},"end":{"line":57,"column":36}},"33":{"start":{"line":58,"column":9},"end":{"line":58,"column":28}},"34":{"start":{"line":63,"column":0},"end":{"line":71,"column":1}},"35":{"start":{"line":64,"column":3},"end":{"line":70,"column":5}},"36":{"start":{"line":65,"column":18},"end":{"line":65,"column":71}},"37":{"start":{"line":66,"column":6},"end":{"line":69,"column":8}},"38":{"start":{"line":67,"column":9},"end":{"line":67,"column":36}},"39":{"start":{"line":67,"column":18},"end":{"line":67,"column":36}},"40":{"start":{"line":68,"column":9},"end":{"line":68,"column":29}},"41":{"start":{"line":73,"column":0},"end":{"line":88,"column":1}},"42":{"start":{"line":74,"column":3},"end":{"line":87,"column":5}},"43":{"start":{"line":75,"column":18},"end":{"line":75,"column":93}},"44":{"start":{"line":76,"column":6},"end":{"line":86,"column":7}},"45":{"start":{"line":80,"column":12},"end":{"line":80,"column":39}},"46":{"start":{"line":80,"column":21},"end":{"line":80,"column":39}},"47":{"start":{"line":81,"column":12},"end":{"line":84,"column":14}},"48":{"start":{"line":90,"column":0},"end":{"line":103,"column":1}},"49":{"start":{"line":91,"column":3},"end":{"line":102,"column":5}},"50":{"start":{"line":92,"column":6},"end":{"line":101,"column":8}},"51":{"start":{"line":93,"column":21},"end":{"line":93,"column":87}},"52":{"start":{"line":94,"column":9},"end":{"line":100,"column":11}},"53":{"start":{"line":95,"column":12},"end":{"line":95,"column":39}},"54":{"start":{"line":95,"column":21},"end":{"line":95,"column":39}},"55":{"start":{"line":96,"column":12},"end":{"line":99,"column":14}},"56":{"start":{"line":105,"column":0},"end":{"line":116,"column":1}},"57":{"start":{"line":106,"column":3},"end":{"line":115,"column":5}},"58":{"start":{"line":107,"column":18},"end":{"line":107,"column":67}},"59":{"start":{"line":108,"column":6},"end":{"line":114,"column":8}},"60":{"start":{"line":109,"column":9},"end":{"line":109,"column":36}},"61":{"start":{"line":109,"column":18},"end":{"line":109,"column":36}},"62":{"start":{"line":110,"column":9},"end":{"line":113,"column":11}},"63":{"start":{"line":118,"column":0},"end":{"line":132,"column":1}},"64":{"start":{"line":119,"column":3},"end":{"line":131,"column":5}},"65":{"start":{"line":120,"column":6},"end":{"line":130,"column":8}},"66":{"start":{"line":122,"column":21},"end":{"line":122,"column":84}},"67":{"start":{"line":123,"column":9},"end":{"line":129,"column":11}},"68":{"start":{"line":124,"column":12},"end":{"line":124,"column":39}},"69":{"start":{"line":124,"column":21},"end":{"line":124,"column":39}},"70":{"start":{"line":125,"column":12},"end":{"line":128,"column":14}},"71":{"start":{"line":134,"column":0},"end":{"line":145,"column":1}},"72":{"start":{"line":135,"column":3},"end":{"line":144,"column":5}},"73":{"start":{"line":136,"column":18},"end":{"line":136,"column":68}},"74":{"start":{"line":137,"column":6},"end":{"line":143,"column":8}},"75":{"start":{"line":138,"column":9},"end":{"line":138,"column":36}},"76":{"start":{"line":138,"column":18},"end":{"line":138,"column":36}},"77":{"start":{"line":139,"column":9},"end":{"line":142,"column":11}},"78":{"start":{"line":147,"column":0},"end":{"line":158,"column":1}},"79":{"start":{"line":148,"column":3},"end":{"line":157,"column":5}},"80":{"start":{"line":149,"column":18},"end":{"line":149,"column":58}},"81":{"start":{"line":150,"column":6},"end":{"line":156,"column":8}},"82":{"start":{"line":151,"column":9},"end":{"line":151,"column":36}},"83":{"start":{"line":151,"column":18},"end":{"line":151,"column":36}},"84":{"start":{"line":152,"column":9},"end":{"line":155,"column":11}}},"fnMap":{"0":{"name":"(anonymous_0)","decl":{"start":{"line":5,"column":39},"end":{"line":5,"column":40}},"loc":{"start":{"line":5,"column":48},"end":{"line":8,"column":1}},"line":5},"1":{"name":"(anonymous_1)","decl":{"start":{"line":10,"column":27},"end":{"line":10,"column":28}},"loc":{"start":{"line":10,"column":50},"end":{"line":20,"column":1}},"line":10},"2":{"name":"(anonymous_2)","decl":{"start":{"line":11,"column":22},"end":{"line":11,"column":23}},"loc":{"start":{"line":11,"column":43},"end":{"line":19,"column":4}},"line":11},"3":{"name":"(anonymous_3)","decl":{"start":{"line":15,"column":18},"end":{"line":15,"column":19}},"loc":{"start":{"line":15,"column":33},"end":{"line":18,"column":7}},"line":15},"4":{"name":"(anonymous_4)","decl":{"start":{"line":22,"column":26},"end":{"line":22,"column":27}},"loc":{"start":{"line":22,"column":34},"end":{"line":30,"column":1}},"line":22},"5":{"name":"(anonymous_5)","decl":{"start":{"line":23,"column":22},"end":{"line":23,"column":23}},"loc":{"start":{"line":23,"column":43},"end":{"line":29,"column":4}},"line":23},"6":{"name":"(anonymous_6)","decl":{"start":{"line":25,"column":24},"end":{"line":25,"column":25}},"loc":{"start":{"line":25,"column":38},"end":{"line":28,"column":7}},"line":25},"7":{"name":"(anonymous_7)","decl":{"start":{"line":32,"column":35},"end":{"line":32,"column":36}},"loc":{"start":{"line":32,"column":43},"end":{"line":51,"column":1}},"line":32},"8":{"name":"(anonymous_8)","decl":{"start":{"line":33,"column":22},"end":{"line":33,"column":23}},"loc":{"start":{"line":33,"column":43},"end":{"line":50,"column":4}},"line":33},"9":{"name":"(anonymous_9)","decl":{"start":{"line":46,"column":24},"end":{"line":46,"column":25}},"loc":{"start":{"line":46,"column":39},"end":{"line":49,"column":7}},"line":46},"10":{"name":"(anonymous_10)","decl":{"start":{"line":53,"column":31},"end":{"line":53,"column":32}},"loc":{"start":{"line":53,"column":39},"end":{"line":61,"column":1}},"line":53},"11":{"name":"(anonymous_11)","decl":{"start":{"line":54,"column":22},"end":{"line":54,"column":23}},"loc":{"start":{"line":54,"column":43},"end":{"line":60,"column":4}},"line":54},"12":{"name":"(anonymous_12)","decl":{"start":{"line":56,"column":24},"end":{"line":56,"column":25}},"loc":{"start":{"line":56,"column":38},"end":{"line":59,"column":7}},"line":56},"13":{"name":"(anonymous_13)","decl":{"start":{"line":63,"column":35},"end":{"line":63,"column":36}},"loc":{"start":{"line":63,"column":43},"end":{"line":71,"column":1}},"line":63},"14":{"name":"(anonymous_14)","decl":{"start":{"line":64,"column":22},"end":{"line":64,"column":23}},"loc":{"start":{"line":64,"column":43},"end":{"line":70,"column":4}},"line":64},"15":{"name":"(anonymous_15)","decl":{"start":{"line":66,"column":24},"end":{"line":66,"column":25}},"loc":{"start":{"line":66,"column":39},"end":{"line":69,"column":7}},"line":66},"16":{"name":"(anonymous_16)","decl":{"start":{"line":73,"column":29},"end":{"line":73,"column":30}},"loc":{"start":{"line":73,"column":40},"end":{"line":88,"column":1}},"line":73},"17":{"name":"(anonymous_17)","decl":{"start":{"line":74,"column":22},"end":{"line":74,"column":23}},"loc":{"start":{"line":74,"column":43},"end":{"line":87,"column":4}},"line":74},"18":{"name":"(anonymous_18)","decl":{"start":{"line":79,"column":9},"end":{"line":79,"column":10}},"loc":{"start":{"line":79,"column":24},"end":{"line":85,"column":10}},"line":79},"19":{"name":"(anonymous_19)","decl":{"start":{"line":90,"column":37},"end":{"line":90,"column":38}},"loc":{"start":{"line":90,"column":51},"end":{"line":103,"column":1}},"line":90},"20":{"name":"(anonymous_20)","decl":{"start":{"line":91,"column":22},"end":{"line":91,"column":23}},"loc":{"start":{"line":91,"column":43},"end":{"line":102,"column":4}},"line":91},"21":{"name":"(anonymous_21)","decl":{"start":{"line":92,"column":23},"end":{"line":92,"column":24}},"loc":{"start":{"line":92,"column":32},"end":{"line":101,"column":7}},"line":92},"22":{"name":"(anonymous_22)","decl":{"start":{"line":94,"column":59},"end":{"line":94,"column":60}},"loc":{"start":{"line":94,"column":74},"end":{"line":100,"column":10}},"line":94},"23":{"name":"(anonymous_23)","decl":{"start":{"line":105,"column":31},"end":{"line":105,"column":32}},"loc":{"start":{"line":105,"column":46},"end":{"line":116,"column":1}},"line":105},"24":{"name":"(anonymous_24)","decl":{"start":{"line":106,"column":22},"end":{"line":106,"column":23}},"loc":{"start":{"line":106,"column":43},"end":{"line":115,"column":4}},"line":106},"25":{"name":"(anonymous_25)","decl":{"start":{"line":108,"column":31},"end":{"line":108,"column":32}},"loc":{"start":{"line":108,"column":46},"end":{"line":114,"column":7}},"line":108},"26":{"name":"(anonymous_26)","decl":{"start":{"line":118,"column":37},"end":{"line":118,"column":38}},"loc":{"start":{"line":118,"column":51},"end":{"line":132,"column":1}},"line":118},"27":{"name":"(anonymous_27)","decl":{"start":{"line":119,"column":22},"end":{"line":119,"column":23}},"loc":{"start":{"line":119,"column":43},"end":{"line":131,"column":4}},"line":119},"28":{"name":"(anonymous_28)","decl":{"start":{"line":120,"column":23},"end":{"line":120,"column":24}},"loc":{"start":{"line":120,"column":32},"end":{"line":130,"column":7}},"line":120},"29":{"name":"(anonymous_29)","decl":{"start":{"line":123,"column":55},"end":{"line":123,"column":56}},"loc":{"start":{"line":123,"column":70},"end":{"line":129,"column":10}},"line":123},"30":{"name":"(anonymous_30)","decl":{"start":{"line":134,"column":27},"end":{"line":134,"column":28}},"loc":{"start":{"line":134,"column":46},"end":{"line":145,"column":1}},"line":134},"31":{"name":"(anonymous_31)","decl":{"start":{"line":135,"column":22},"end":{"line":135,"column":23}},"loc":{"start":{"line":135,"column":43},"end":{"line":144,"column":4}},"line":135},"32":{"name":"(anonymous_32)","decl":{"start":{"line":137,"column":58},"end":{"line":137,"column":59}},"loc":{"start":{"line":137,"column":73},"end":{"line":143,"column":7}},"line":137},"33":{"name":"(anonymous_33)","decl":{"start":{"line":147,"column":29},"end":{"line":147,"column":30}},"loc":{"start":{"line":147,"column":37},"end":{"line":158,"column":1}},"line":147},"34":{"name":"(anonymous_34)","decl":{"start":{"line":148,"column":22},"end":{"line":148,"column":23}},"loc":{"start":{"line":148,"column":43},"end":{"line":157,"column":4}},"line":148},"35":{"name":"(anonymous_35)","decl":{"start":{"line":150,"column":24},"end":{"line":150,"column":25}},"loc":{"start":{"line":150,"column":39},"end":{"line":156,"column":7}},"line":150}},"branchMap":{"0":{"loc":{"start":{"line":6,"column":3},"end":{"line":6,"column":21}},"type":"if","locations":[{"start":{"line":6,"column":3},"end":{"line":6,"column":21}},{"start":{"line":6,"column":3},"end":{"line":6,"column":21}}],"line":6},"1":{"loc":{"start":{"line":10,"column":28},"end":{"line":10,"column":45}},"type":"default-arg","locations":[{"start":{"line":10,"column":36},"end":{"line":10,"column":45}}],"line":10},"2":{"loc":{"start":{"line":13,"column":9},"end":{"line":13,"column":62}},"type":"cond-expr","locations":[{"start":{"line":13,"column":31},"end":{"line":13,"column":57}},{"start":{"line":13,"column":60},"end":{"line":13,"column":62}}],"line":13},"3":{"loc":{"start":{"line":16,"column":9},"end":{"line":16,"column":36}},"type":"if","locations":[{"start":{"line":16,"column":9},"end":{"line":16,"column":36}},{"start":{"line":16,"column":9},"end":{"line":16,"column":36}}],"line":16},"4":{"loc":{"start":{"line":26,"column":9},"end":{"line":26,"column":36}},"type":"if","locations":[{"start":{"line":26,"column":9},"end":{"line":26,"column":36}},{"start":{"line":26,"column":9},"end":{"line":26,"column":36}}],"line":26},"5":{"loc":{"start":{"line":47,"column":9},"end":{"line":47,"column":36}},"type":"if","locations":[{"start":{"line":47,"column":9},"end":{"line":47,"column":36}},{"start":{"line":47,"column":9},"end":{"line":47,"column":36}}],"line":47},"6":{"loc":{"start":{"line":57,"column":9},"end":{"line":57,"column":36}},"type":"if","locations":[{"start":{"line":57,"column":9},"end":{"line":57,"column":36}},{"start":{"line":57,"column":9},"end":{"line":57,"column":36}}],"line":57},"7":{"loc":{"start":{"line":67,"column":9},"end":{"line":67,"column":36}},"type":"if","locations":[{"start":{"line":67,"column":9},"end":{"line":67,"column":36}},{"start":{"line":67,"column":9},"end":{"line":67,"column":36}}],"line":67},"8":{"loc":{"start":{"line":80,"column":12},"end":{"line":80,"column":39}},"type":"if","locations":[{"start":{"line":80,"column":12},"end":{"line":80,"column":39}},{"start":{"line":80,"column":12},"end":{"line":80,"column":39}}],"line":80},"9":{"loc":{"start":{"line":95,"column":12},"end":{"line":95,"column":39}},"type":"if","locations":[{"start":{"line":95,"column":12},"end":{"line":95,"column":39}},{"start":{"line":95,"column":12},"end":{"line":95,"column":39}}],"line":95},"10":{"loc":{"start":{"line":109,"column":9},"end":{"line":109,"column":36}},"type":"if","locations":[{"start":{"line":109,"column":9},"end":{"line":109,"column":36}},{"start":{"line":109,"column":9},"end":{"line":109,"column":36}}],"line":109},"11":{"loc":{"start":{"line":124,"column":12},"end":{"line":124,"column":39}},"type":"if","locations":[{"start":{"line":124,"column":12},"end":{"line":124,"column":39}},{"start":{"line":124,"column":12},"end":{"line":124,"column":39}}],"line":124},"12":{"loc":{"start":{"line":138,"column":9},"end":{"line":138,"column":36}},"type":"if","locations":[{"start":{"line":138,"column":9},"end":{"line":138,"column":36}},{"start":{"line":138,"column":9},"end":{"line":138,"column":36}}],"line":138},"13":{"loc":{"start":{"line":151,"column":9},"end":{"line":151,"column":36}},"type":"if","locations":[{"start":{"line":151,"column":9},"end":{"line":151,"column":36}},{"start":{"line":151,"column":9},"end":{"line":151,"column":36}}],"line":151}},"s":{"0":1,"1":1,"2":1,"3":1,"4":0,"5":1,"6":1,"7":2,"8":2,"9":2,"10":2,"11":0,"12":2,"13":1,"14":3,"15":3,"16":3,"17":3,"18":0,"19":3,"20":1,"21":4,"22":4,"23":4,"24":4,"25":0,"26":4,"27":1,"28":4,"29":4,"30":4,"31":4,"32":0,"33":4,"34":1,"35":5,"36":5,"37":5,"38":5,"39":0,"40":5,"41":1,"42":4,"43":4,"44":4,"45":4,"46":1,"47":3,"48":1,"49":3,"50":3,"51":3,"52":3,"53":3,"54":0,"55":3,"56":1,"57":1,"58":1,"59":1,"60":1,"61":0,"62":1,"63":1,"64":2,"65":2,"66":2,"67":2,"68":2,"69":1,"70":1,"71":1,"72":1,"73":1,"74":1,"75":1,"76":0,"77":1,"78":1,"79":3,"80":3,"81":3,"82":3,"83":0,"84":3},"f":{"0":1,"1":2,"2":2,"3":2,"4":3,"5":3,"6":3,"7":4,"8":4,"9":4,"10":4,"11":4,"12":4,"13":5,"14":5,"15":5,"16":4,"17":4,"18":4,"19":3,"20":3,"21":3,"22":3,"23":1,"24":1,"25":1,"26":2,"27":2,"28":2,"29":2,"30":1,"31":1,"32":1,"33":3,"34":3,"35":3},"b":{"0":[0,1],"1":[1],"2":[1,1],"3":[0,2],"4":[0,3],"5":[0,4],"6":[0,4],"7":[0,5],"8":[1,3],"9":[0,3],"10":[0,1],"11":[1,1],"12":[0,1],"13":[0,3]},"_coverageSchema":"1a1c01bbd47fc00a2c39e90264f33305004495a9","hash":"06afec384156c3141e8fbcb99157ac40d351a498","contentHash":"27be3c68d95eacca4c4ad336debdf05a7b7236115df36be2594cbeb1692c0a36"}}